2026-05-28 18:34:50, MOVE, v:1, k:ed@bufferring, mode:DOWN
2026-05-28 18:34:57, MOVE, v:1, k:ed@bufferring, mode:PICK
2026-05-28 18:34:50, MOVE, v:1, k:ed@bufferring, mode:EDIT
2026-05-28 18:34:50, MOVE, v:1, k:ed@bufferring, mode:EDIT
2026-05-28 18:34:50, MOVE, v:1, k:ed@bufferring, mode:EDIT
2026-05-28 18:34:50, MOVE, v:1, k:ed@bufferring, mode:EDIT
2026-05-28 18:48:03, MOVE, v:1, k:ed@bufferring, mode:EDIT
2026-05-28 18:48:03, MOVE, v:1, k:ed@bufferring, mode:EDIT
2026-05-28 18:51:21, EXEC, v:1, k:ed@bufferring, mode:FULL, rate:0, size:124
2026-05-28 18:51:38, MOVE, v:1, k:ed@bufferring, mode:EDIT
2026-05-28 18:51:38, MOVE, v:1, k:ed@bufferring, mode:EDIT
2026-05-28 18:51:21, MOVE, v:1, k:ed@bufferring, mode:EDIT
2026-05-28 18:57:15, EXEC, v:1, k:ed@bufferring, mode:FULL, rate:16, size:140
2026-05-28 18:57:11, MOVE, v:1, k:ed@bufferring, mode:EDIT
2026-05-28 18:57:11, MOVE, v:1, k:ed@bufferring, mode:EDIT
2026-05-28 18:57:15, MOVE, v:1, k:ed@bufferring, mode:EDIT
2026-05-28 18:59:18, EXEC, v:1, k:ed@bufferring, mode:FULL, rate:16, size:145
2026-05-28 19:00:02, MOVE, v:1, k:ed@bufferring, mode:EDIT
2026-05-28 19:00:02, MOVE, v:1, k:ed@bufferring, mode:EDIT
2026-05-28 18:59:18, MOVE, v:1, k:ed@bufferring, mode:EDIT
2026-05-28 19:15:13, EXEC, v:1, k:ed@bufferring, mode:FULL, rate:33, size:150
2026-05-28 19:17:03, EXEC, v:1, k:ed@bufferring, mode:FULL, rate:33, size:157
2026-05-28 19:17:30, EXEC, v:1, k:ed@bufferring, mode:FULL, rate:33, size:157
2026-05-28 19:17:33, EXEC, v:1, k:ed@bufferring, mode:FULL, rate:33
2026-05-28 19:17:48, EXEC, v:1, k:ed@bufferring, mode:FULL, rate:33, size:150
2026-05-28 19:18:29, EXEC, v:1, k:ed@bufferring, mode:FULL, rate:33, size:154
2026-05-28 19:18:28, MOVE, v:1, k:ed@bufferring, mode:EDIT
2026-05-28 19:18:28, MOVE, v:1, k:ed@bufferring, mode:EDIT
2026-05-28 19:18:29, MOVE, v:1, k:ed@bufferring, mode:EDIT
2026-05-28 19:18:37, EXEC, v:1, k:ed@bufferring, mode:FULL, rate:33, size:154
2026-05-28 19:18:51, EXEC, v:1, k:ed@bufferring, mode:FULL, rate:33, size:154
2026-05-28 19:19:07, EXEC, v:1, k:ed@bufferring, mode:FULL, rate:33, size:154
2026-05-28 19:19:19, EXEC, v:1, k:ed@bufferring, mode:FULL, rate:33, size:156
2026-05-28 19:19:25, EXEC, v:1, k:ed@bufferring, mode:FULL, rate:33
2026-05-28 19:19:30, EXEC, v:1, k:ed@bufferring, mode:FULL, rate:33, size:156
2026-05-28 19:19:48, EXEC, v:1, k:ed@bufferring, mode:FULL, rate:33, size:156
2026-05-28 19:21:12, EXEC, v:1, k:ed@bufferring, mode:FULL, rate:33, size:156
2026-05-28 19:23:03, MOVE, v:1, k:ed@bufferring, mode:EDIT
2026-05-28 19:23:03, MOVE, v:1, k:ed@bufferring, mode:EDIT
2026-05-28 19:21:12, MOVE, v:1, k:ed@bufferring, mode:EDIT
2026-05-28 19:24:56, EXEC, v:1, k:ed@bufferring, mode:FULL, rate:33, size:164
2026-05-28 19:27:56, EXEC, v:1, k:ed@bufferring, mode:FULL, rate:33, size:164
2026-05-28 19:28:26, EXEC, v:1, k:ed@bufferring, mode:FULL, rate:33, size:164
2026-05-28 19:28:25, MOVE, v:1, k:ed@bufferring, mode:EDIT
2026-05-28 19:28:25, MOVE, v:1, k:ed@bufferring, mode:EDIT
2026-05-28 19:28:26, MOVE, v:1, k:ed@bufferring, mode:EDIT
2026-05-28 19:28:45, EXEC, v:1, k:ed@bufferring, mode:FULL, rate:33, size:164
2026-05-28 19:28:48, EXEC, v:1, k:ed@bufferring, mode:FULL, rate:33, size:164
2026-05-28 19:29:42, EXEC, v:1, k:ed@bufferring, mode:FULL, rate:33, size:168
2026-05-28 19:29:56, EXEC, v:1, k:ed@bufferring, mode:FULL, rate:50, size:169
2026-05-28 19:30:14, EXEC, v:1, k:ed@bufferring, mode:FULL, rate:50, size:169
2026-05-28 19:30:28, EXEC, v:1, k:ed@bufferring, mode:FULL, rate:66, size:169
2026-05-28 19:32:11, EXEC, v:1, k:ed@bufferring, mode:LOCK, rate:0, size:171
2026-05-28 19:32:20, EXEC, v:1, k:ed@bufferring, mode:LOCK, rate:0
2026-05-28 19:32:22, EXEC, v:1, k:ed@bufferring, mode:FULL, rate:66
2026-05-28 19:32:18, MOVE, v:1, k:ed@bufferring, mode:EDIT
2026-05-28 19:32:18, MOVE, v:1, k:ed@bufferring, mode:EDIT
2026-05-28 19:32:22, MOVE, v:1, k:ed@bufferring, mode:EDIT
2026-05-28 19:35:28, EXEC, v:1, k:ed@bufferring, mode:FULL, size:178, fail:COMP
2026-05-28 19:36:14, EXEC, v:1, k:ed@bufferring, mode:FULL, rate:83, size:178
2026-05-28 19:36:33, EXEC, v:1, k:ed@bufferring, mode:FULL, rate:83, size:178
2026-05-28 19:38:10, EXEC, v:1, k:ed@bufferring, mode:FULL, rate:100, size:178
