2026-04-13 05:42:14, EXEC, v:1, k:src@go, mode:FREE, size:131
2026-04-13 05:43:01, EXEC, v:1, k:src@go, mode:FREE, size:131
2026-04-13 05:43:26, EXEC, v:1, k:src@go, mode:FREE, size:131
2026-04-13 05:43:37, EXEC, v:1, k:src@go, mode:FREE, size:131
2026-04-13 05:43:49, EXEC, v:1, k:src@go, mode:FREE, size:131
2026-04-13 05:46:36, EXEC, v:1, k:src@go, mode:FREE, size:132
2026-04-13 05:46:53, EXEC, v:1, k:src@go, mode:FREE, size:132
2026-04-13 05:47:03, EXEC, v:1, k:src@go, mode:FREE, size:132
2026-04-13 05:47:11, EXEC, v:1, k:src@go, mode:FREE, size:132
2026-04-13 05:55:32, EXEC, v:1, k:src@go, mode:FREE, size:132
2026-04-13 06:00:10, EXEC, v:1, k:src@go, mode:FREE, size:132
2026-04-13 06:00:16, EXEC, v:1, k:src@go, mode:FREE, size:132
2026-04-13 06:07:08, EXEC, v:1, k:src@go, mode:FREE, size:128
2026-04-13 06:07:50, EXEC, v:1, k:src@go, mode:FREE, size:128
2026-04-13 06:11:31, EXEC, v:1, k:src@go, mode:FREE, size:134
2026-04-13 06:11:41, EXEC, v:1, k:src@go, mode:FREE, size:134
2026-04-13 06:12:11, EXEC, v:1, k:src@go, mode:FREE, size:135
2026-04-13 06:14:15, EXEC, v:1, k:src@go, mode:FREE, size:139
2026-04-13 06:15:35, EXEC, v:1, k:src@go, mode:FREE, size:142
2026-04-13 06:15:47, EXEC, v:1, k:src@go, mode:FREE, size:142
2026-04-13 06:16:14, EXEC, v:1, k:src@go, mode:FREE, size:143
2026-04-13 06:16:29, EXEC, v:1, k:src@go, mode:FREE, size:143
2026-04-13 06:16:40, EXEC, v:1, k:src@go, mode:FREE, size:143
2026-04-13 10:41:16, EXEC, v:1, k:src@go, mode:FREE, size:143
2026-04-13 10:41:48, EXEC, v:1, k:src@go, mode:FREE, size:143
2026-04-13 10:41:55, EXEC, v:1, k:src@go, mode:FREE, size:143
2026-04-13 10:42:23, EXEC, v:1, k:src@go, mode:FREE, size:146
2026-04-13 10:43:37, EXEC, v:1, k:src@go, mode:FREE, size:146
2026-04-13 10:43:49, EXEC, v:1, k:src@go, mode:FREE, size:146
2026-04-13 10:44:09, EXEC, v:1, k:src@go, mode:FREE, size:146
2026-04-13 10:44:17, EXEC, v:1, k:src@go, mode:FREE, size:146
2026-04-13 10:44:32, EXEC, v:1, k:src@go, mode:FREE, size:146
2026-04-13 10:45:03, EXEC, v:1, k:src@go, mode:FREE, size:146
2026-04-13 10:45:14, EXEC, v:1, k:src@go, mode:FREE, size:146
2026-04-13 10:45:22, EXEC, v:1, k:src@go, mode:FREE, size:146
2026-04-13 10:45:36, EXEC, v:1, k:src@go, mode:FREE, size:146
2026-04-13 10:45:46, EXEC, v:1, k:src@go, mode:FREE, size:146
2026-04-13 10:46:00, EXEC, v:1, k:src@go, mode:FREE, size:146
2026-04-13 10:46:07, EXEC, v:1, k:src@go, mode:FREE, size:146
2026-04-13 10:46:14, EXEC, v:1, k:src@go, mode:FREE, size:146
2026-04-13 10:46:23, EXEC, v:1, k:src@go, mode:FREE, size:146
2026-04-13 10:47:38, EXEC, v:1, k:src@go, mode:FREE, size:151
2026-04-13 10:48:49, EXEC, v:1, k:src@go, mode:FREE, size:149
2026-04-13 10:49:02, EXEC, v:1, k:src@go, mode:FREE, size:149
2026-04-13 10:49:25, EXEC, v:1, k:src@go, mode:FREE, size:149
2026-04-13 10:49:45, EXEC, v:1, k:src@go, mode:FREE, size:149
2026-04-13 10:50:56, EXEC, v:1, k:src@go, mode:FREE, size:148
2026-04-13 11:02:05, EXEC, v:1, k:src@go, mode:FREE, size:139
2026-04-13 11:02:24, EXEC, v:1, k:src@go, mode:FREE, size:139
2026-04-13 11:03:20, EXEC, v:1, k:src@go, mode:FREE, size:139
2026-04-13 11:03:27, EXEC, v:1, k:src@go, mode:FREE, size:139
2026-04-13 11:03:36, EXEC, v:1, k:src@go, mode:FREE, size:140
2026-04-13 11:03:45, EXEC, v:1, k:src@go, mode:FREE, size:140
2026-04-13 11:04:03, EXEC, v:1, k:src@go, mode:FREE, size:141
2026-04-13 11:04:09, EXEC, v:1, k:src@go, mode:FREE, size:141
2026-04-13 11:04:55, EXEC, v:1, k:src@go, mode:FREE, size:141
2026-04-13 11:05:08, EXEC, v:1, k:src@go, mode:FREE, size:141
2026-04-13 11:05:59, EXEC, v:1, k:src@go, mode:FREE, size:142
2026-04-13 11:06:28, EXEC, v:1, k:src@go, mode:FREE, size:142
2026-04-13 11:06:40, EXEC, v:1, k:src@go, mode:FREE, size:142
2026-04-13 11:07:09, EXEC, v:1, k:src@go, mode:FREE, size:141
2026-04-13 11:07:21, EXEC, v:1, k:src@go, mode:FREE, size:142
2026-04-13 11:08:42, EXEC, v:1, k:src@go, mode:FREE, size:142
2026-04-13 11:08:49, EXEC, v:1, k:src@go, mode:FREE, size:142
2026-04-13 11:08:57, EXEC, v:1, k:src@go, mode:FREE, size:142
2026-04-13 11:09:07, EXEC, v:1, k:src@go, mode:FREE, size:142
2026-04-13 11:10:14, EXEC, v:1, k:src@go, mode:FREE, size:148
2026-04-13 11:10:51, EXEC, v:1, k:src@go, mode:FREE, size:148
2026-04-13 11:11:25, EXEC, v:1, k:src@go, mode:FREE, size:148
2026-04-13 11:27:50, EXEC, v:1, k:src@go, mode:FREE, size:140
2026-04-13 11:28:27, EXEC, v:1, k:src@go, mode:FREE, size:143
2026-04-13 11:30:16, EXEC, v:1, k:src@go, mode:FREE, size:142
2026-04-13 11:31:01, EXEC, v:1, k:src@go, mode:FREE, size:143
2026-04-13 11:31:09, EXEC, v:1, k:src@go, mode:FREE, size:143
2026-04-13 11:31:15, EXEC, v:1, k:src@go, mode:FREE, size:143
2026-04-13 11:31:56, EXEC, v:1, k:src@go, mode:FREE, size:144
2026-04-13 11:33:43, EXEC, v:1, k:src@go, mode:FREE, size:144
2026-04-13 11:33:49, EXEC, v:1, k:src@go, mode:FREE, size:144
2026-04-13 11:34:00, EXEC, v:1, k:src@go, mode:FREE, size:144
2026-04-13 11:34:40, EXEC, v:1, k:src@go, mode:FREE, size:143
2026-04-13 11:36:32, EXEC, v:1, k:src@go, mode:FREE, size:143
2026-04-13 11:46:07, EXEC, v:1, k:src@go, mode:FREE, size:139
2026-04-13 11:46:23, EXEC, v:1, k:src@go, mode:FREE, size:141
2026-04-13 11:47:10, EXEC, v:1, k:src@go, mode:FREE, size:141
2026-04-13 11:47:49, EXEC, v:1, k:src@go, mode:FREE, size:144
2026-04-13 11:48:11, EXEC, v:1, k:src@go, mode:FREE, size:144
2026-04-13 11:50:05, EXEC, v:1, k:src@go, mode:FREE, size:144
2026-04-13 11:50:31, EXEC, v:1, k:src@go, mode:FREE, size:144
2026-04-13 11:50:44, EXEC, v:1, k:src@go, mode:FREE, size:144
2026-04-13 15:48:08, MOVE, v:1, k:eval1@triangulo, mode:DOWN
2026-04-13 15:48:36, MOVE, v:1, k:eval1@triangulo, mode:PICK
2026-04-13 15:53:18, MOVE, v:1, k:eval1@triangulo, mode:PICK
2026-04-13 15:53:25, EXEC, v:1, k:eval1@triangulo, mode:FULL, rate:0, size:43
2026-04-13 15:53:45, EXEC, v:1, k:eval1@triangulo, mode:FULL, rate:0, size:43
2026-04-13 15:55:46, EXEC, v:1, k:eval1@triangulo, mode:FULL, rate:0, size:51
2026-04-13 15:55:46, MOVE, v:1, k:eval1@triangulo, mode:EDIT
2026-04-13 15:57:56, MOVE, v:1, k:eval1@triangulo, mode:EDIT
2026-04-13 16:02:54, MOVE, v:1, k:eval1@triangulo, mode:EDIT
2026-04-13 16:07:10, MOVE, v:1, k:eval1@triangulo, mode:BACK
2026-04-13 16:07:14, MOVE, v:1, k:eval1@queimada, mode:DOWN
2026-04-13 16:07:16, MOVE, v:1, k:eval1@queimada, mode:PICK
2026-04-13 16:07:43, EXEC, v:1, k:eval1@queimada, mode:FULL, rate:0, size:34
2026-04-13 16:07:09, MOVE, v:1, k:eval1@triangulo, mode:EDIT
2026-04-13 16:07:14, MOVE, v:1, k:eval1@queimada, mode:EDIT
2026-04-13 16:07:14, MOVE, v:1, k:eval1@queimada, mode:EDIT
2026-04-13 16:07:42, MOVE, v:1, k:eval1@queimada, mode:EDIT
2026-04-13 16:07:43, MOVE, v:1, k:eval1@queimada, mode:EDIT
2026-04-13 16:08:27, EXEC, v:1, k:eval1@queimada, mode:FULL, rate:0, size:34
2026-04-13 16:12:30, MOVE, v:1, k:eval1@queimada, mode:EDIT
2026-04-13 16:08:26, MOVE, v:1, k:eval1@queimada, mode:EDIT
2026-04-13 16:15:25, EXEC, v:1, k:eval1@queimada, mode:FULL, rate:14, size:45
2026-04-13 16:15:43, EXEC, v:1, k:eval1@queimada, mode:FULL, rate:14, size:45
2026-04-13 16:16:47, EXEC, v:1, k:eval1@queimada, mode:FULL, rate:100, size:45
2026-04-13 16:17:11, MOVE, v:1, k:eval1@queimada, mode:BACK
2026-04-13 16:17:17, MOVE, v:1, k:eval1@apagando, mode:DOWN
2026-04-13 16:17:19, MOVE, v:1, k:eval1@apagando, mode:PICK
2026-04-13 16:17:08, MOVE, v:1, k:eval1@queimada, mode:EDIT
2026-04-13 16:16:47, MOVE, v:1, k:eval1@queimada, mode:EDIT
2026-04-13 16:17:17, MOVE, v:1, k:eval1@apagando, mode:EDIT
2026-04-13 16:17:17, MOVE, v:1, k:eval1@apagando, mode:EDIT
2026-04-13 16:18:05, MOVE, v:1, k:eval1@apagando, mode:EDIT
2026-04-13 16:20:12, EXEC, v:1, k:eval1@apagando, mode:FULL, rate:0, size:19
2026-04-13 16:23:04, MOVE, v:1, k:eval1@apagando, mode:EDIT
2026-04-13 16:20:12, MOVE, v:1, k:eval1@apagando, mode:EDIT
2026-04-13 16:23:57, EXEC, v:1, k:eval1@apagando, mode:FULL, rate:0, size:20
2026-04-13 16:24:17, EXEC, v:1, k:eval1@apagando, mode:FULL, rate:0, size:21
2026-04-13 16:28:05, EXEC, v:1, k:eval1@apagando, mode:FULL, rate:0, size:30
2026-04-13 16:28:13, MOVE, v:1, k:eval1@apagando, mode:EDIT
2026-04-13 16:28:05, MOVE, v:1, k:eval1@apagando, mode:EDIT
2026-04-13 16:28:15, EXEC, v:1, k:eval1@apagando, mode:FULL, rate:0, size:30
2026-04-13 16:28:22, EXEC, v:1, k:eval1@apagando, mode:FULL, rate:0, size:30
2026-04-13 16:29:25, EXEC, v:1, k:eval1@apagando, mode:FULL, rate:0, size:31
2026-04-13 16:30:51, EXEC, v:1, k:eval1@apagando, mode:FULL, rate:0, size:31
2026-04-13 16:31:14, EXEC, v:1, k:eval1@apagando, mode:FULL, rate:0, size:31
2026-04-13 16:32:09, EXEC, v:1, k:eval1@apagando, mode:FULL, rate:0, size:31
2026-04-13 16:32:27, EXEC, v:1, k:eval1@apagando, mode:FULL, rate:0, size:32
2026-04-13 16:32:27, MOVE, v:1, k:eval1@apagando, mode:EDIT
2026-04-13 16:32:37, MOVE, v:1, k:eval1@apagando, mode:EDIT
2026-04-13 16:34:15, EXEC, v:1, k:eval1@apagando, mode:FULL, rate:0, size:38
2026-04-13 16:34:21, EXEC, v:1, k:eval1@apagando, mode:FULL, rate:0, size:38
2026-04-13 16:34:29, EXEC, v:1, k:eval1@apagando, mode:FULL, rate:0, size:39
2026-04-13 16:34:53, EXEC, v:1, k:eval1@apagando, mode:FULL, rate:0, size:35
2026-04-13 16:34:58, EXEC, v:1, k:eval1@apagando, mode:FULL, rate:0, size:35
2026-04-13 16:35:06, EXEC, v:1, k:eval1@apagando, mode:FULL, rate:0, size:35
2026-04-13 16:35:14, EXEC, v:1, k:eval1@apagando, mode:FULL, rate:91, size:36
2026-04-13 16:36:08, EXEC, v:1, k:eval1@apagando, mode:FULL, rate:100, size:36
2026-04-13 16:36:59, MOVE, v:1, k:eval1@apagando, mode:PICK
2026-04-13 16:37:00, EXEC, v:1, k:eval1@apagando, mode:FULL, rate:91, size:36
2026-04-13 16:37:43, EXEC, v:1, k:eval1@apagando, mode:FULL, rate:100, size:36
2026-04-13 16:37:47, MOVE, v:1, k:eval1@apagando, mode:BACK
2026-04-13 16:38:51, MOVE, v:1, k:eval1@casais, mode:DOWN
2026-04-13 16:38:53, MOVE, v:1, k:eval1@casais, mode:PICK
2026-04-13 16:40:22, EXEC, v:1, k:eval1@casais, mode:FULL, rate:0, size:14
2026-04-13 16:40:47, EXEC, v:1, k:eval1@casais, mode:FULL, rate:0, size:14
2026-04-13 16:41:53, MOVE, v:1, k:eval1@casais, mode:BACK
2026-04-13 16:37:43, MOVE, v:1, k:eval1@apagando, mode:EDIT
2026-04-13 16:38:32, MOVE, v:1, k:eval1@apagando, mode:EDIT
2026-04-13 16:38:51, MOVE, v:1, k:eval1@casais, mode:EDIT
2026-04-13 16:38:51, MOVE, v:1, k:eval1@casais, mode:EDIT
2026-04-13 16:40:45, MOVE, v:1, k:eval1@casais, mode:EDIT
2026-04-13 16:40:47, MOVE, v:1, k:eval1@casais, mode:EDIT
2026-04-13 16:46:40, MOVE, v:1, k:eval1@casais, mode:EDIT
2026-04-13 16:48:07, MOVE, v:1, k:eval1@casais, mode:PICK
2026-04-13 16:48:08, EXEC, v:1, k:eval1@casais, mode:FULL, rate:0, size:18
2026-04-13 16:50:41, MOVE, v:1, k:eval1@casais, mode:EDIT
2026-04-13 16:48:08, MOVE, v:1, k:eval1@casais, mode:EDIT
2026-04-13 16:51:44, MOVE, v:1, k:eval1@triangulo, mode:EDIT
2026-04-13 16:56:20, MOVE, v:1, k:eval1@casais, mode:BACK
2026-04-13 16:56:22, MOVE, v:1, k:eval1@triangulo, mode:PICK
2026-04-13 16:56:23, EXEC, v:1, k:eval1@triangulo, mode:FULL, size:67, fail:COMP
2026-04-13 16:56:29, EXEC, v:1, k:eval1@triangulo, mode:FULL, rate:100, size:67
2026-04-13 16:56:28, MOVE, v:1, k:eval1@triangulo, mode:EDIT
2026-04-13 16:56:29, MOVE, v:1, k:eval1@triangulo, mode:EDIT
2026-04-13 16:58:16, MOVE, v:1, k:eval1@triangulo, mode:BACK
2026-04-13 16:58:23, MOVE, v:1, k:eval1@casais, mode:PICK
2026-04-13 16:59:16, EXEC, v:1, k:eval1@casais, mode:FULL, rate:0, size:19
2026-04-13 17:01:05, EXEC, v:1, k:eval1@casais, mode:FULL, size:27, fail:COMP
2026-04-13 17:01:14, EXEC, v:1, k:eval1@casais, mode:FULL, rate:0, size:27
2026-04-13 17:01:13, MOVE, v:1, k:eval1@casais, mode:EDIT
2026-04-13 17:01:14, MOVE, v:1, k:eval1@casais, mode:EDIT
2026-04-13 17:06:51, MOVE, v:1, k:eval1@casais, mode:EDIT
2026-04-13 17:07:20, EXEC, v:1, k:eval1@casais, mode:FULL, rate:0, size:30
2026-04-13 17:07:48, EXEC, v:1, k:eval1@casais, mode:FULL, size:30, fail:COMP
2026-04-13 17:07:57, EXEC, v:1, k:eval1@casais, mode:FULL, rate:0, size:30
2026-04-13 17:08:30, EXEC, v:1, k:eval1@casais, mode:FULL, rate:0, size:31
2026-04-13 17:09:04, EXEC, v:1, k:eval1@casais, mode:FULL, rate:0, size:31
2026-04-13 17:09:09, EXEC, v:1, k:eval1@casais, mode:FULL, rate:100, size:31
2026-04-13 17:09:42, EXEC, v:1, k:eval1@casais, mode:FULL, rate:100, size:31
2026-04-13 17:09:50, MOVE, v:1, k:eval1@casais, mode:BACK
2026-04-13 17:09:54, MOVE, v:1, k:eval1@baruel, mode:DOWN
2026-04-13 17:09:57, MOVE, v:1, k:eval1@baruel, mode:PICK
2026-04-13 17:09:41, MOVE, v:1, k:eval1@casais, mode:EDIT
2026-04-13 17:09:42, MOVE, v:1, k:eval1@casais, mode:EDIT
2026-04-13 17:09:54, MOVE, v:1, k:eval1@baruel, mode:EDIT
2026-04-13 17:09:54, MOVE, v:1, k:eval1@baruel, mode:EDIT
2026-04-13 17:11:40, MOVE, v:1, k:eval1@baruel, mode:EDIT
2026-04-13 17:13:03, EXEC, v:1, k:eval1@baruel, mode:FULL, rate:0, size:14
2026-04-13 17:13:18, EXEC, v:1, k:eval1@baruel, mode:FULL, rate:0, size:14
2026-04-13 17:13:34, EXEC, v:1, k:eval1@baruel, mode:FULL, rate:0, size:14
2026-04-13 17:13:41, EXEC, v:1, k:eval1@baruel, mode:FULL, rate:0, size:14
2026-04-13 17:14:05, EXEC, v:1, k:eval1@baruel, mode:FULL, rate:0, size:15
2026-04-13 17:14:14, EXEC, v:1, k:eval1@baruel, mode:FULL, rate:0, size:15
2026-04-13 17:14:30, EXEC, v:1, k:eval1@baruel, mode:FULL, rate:0, size:15
2026-04-13 17:16:20, MOVE, v:1, k:eval1@baruel, mode:EDIT
2026-04-13 17:14:30, MOVE, v:1, k:eval1@baruel, mode:EDIT
2026-04-13 17:18:47, EXEC, v:1, k:eval1@baruel, mode:FULL, rate:0, size:19
2026-04-13 17:20:51, EXEC, v:1, k:eval1@baruel, mode:FULL, size:24, fail:COMP
2026-04-13 17:21:12, EXEC, v:1, k:eval1@baruel, mode:FULL, rate:0, size:24
2026-04-13 17:21:38, EXEC, v:1, k:eval1@baruel, mode:FULL, rate:0, size:24
2026-04-13 17:21:37, MOVE, v:1, k:eval1@baruel, mode:EDIT
2026-04-13 17:21:38, MOVE, v:1, k:eval1@baruel, mode:EDIT
2026-04-13 17:25:07, EXEC, v:1, k:eval1@baruel, mode:FULL, rate:0, size:35
2026-04-13 17:25:18, EXEC, v:1, k:eval1@baruel, mode:FULL, rate:0, size:36
2026-04-13 17:26:58, MOVE, v:1, k:eval1@baruel, mode:EDIT
2026-04-13 17:25:18, MOVE, v:1, k:eval1@baruel, mode:EDIT
2026-04-13 17:27:37, EXEC, v:1, k:eval1@baruel, mode:FULL, rate:0, size:42
2026-04-13 17:27:48, EXEC, v:1, k:eval1@baruel, mode:FULL, rate:25, size:43
2026-04-13 17:28:11, EXEC, v:1, k:eval1@baruel, mode:FULL, rate:0, size:46
2026-04-13 17:28:25, EXEC, v:1, k:eval1@baruel, mode:FULL, rate:0, size:46
2026-04-13 17:28:30, EXEC, v:1, k:eval1@baruel, mode:FULL, rate:25, size:46
2026-04-13 17:28:47, EXEC, v:1, k:eval1@baruel, mode:FULL, rate:0, size:46
