2026-03-14 13:21:43, MOVE, v:1, k:ed@fuga, mode:PICK
2026-03-14 13:23:06, EXEC, v:1, k:ed@fuga, mode:FREE, size:10
2026-03-14 13:26:44, EXEC, v:1, k:ed@fuga, mode:FULL, rate:0, size:20
2026-03-14 13:27:06, EXEC, v:1, k:ed@fuga, mode:FULL, rate:60, size:20
2026-03-14 13:32:07, MOVE, v:1, k:ed@fuga, mode:BACK
2026-03-14 13:32:07, MOVE, v:1, k:ed@fuga, mode:PICK
2026-03-14 13:32:08, EXEC, v:1, k:ed@fuga, mode:FULL, rate:60, size:26
2026-03-14 13:34:14, EXEC, v:1, k:ed@fuga, mode:FULL, rate:40, size:26
2026-03-14 13:34:19, EXEC, v:1, k:ed@fuga, mode:FULL, rate:60, size:26
2026-03-14 13:36:56, EXEC, v:1, k:ed@fuga, mode:LOCK, rate:0, size:26
2026-03-14 13:44:15, EXEC, v:1, k:ed@fuga, mode:LOCK, rate:0, size:31
2026-03-14 13:44:27, EXEC, v:1, k:ed@fuga, mode:LOCK, rate:100, size:31
2026-03-14 13:44:30, EXEC, v:1, k:ed@fuga, mode:FULL, rate:100
2026-03-14 13:44:34, MOVE, v:1, k:ed@fuga, mode:BACK
2026-03-14 13:51:19, SELF, v:1, k:ed@fuga, self:1, rate:100
2026-03-14 13:51:20, MOVE, v:1, k:ed@pedra, mode:DOWN
2026-03-14 13:51:24, MOVE, v:1, k:ed@pedra, mode:PICK
2026-03-14 14:06:51, EXEC, v:1, k:ed@pedra, mode:FREE, size:22
2026-03-14 14:14:15, EXEC, v:1, k:ed@pedra, mode:FULL, rate:100, size:36
2026-03-14 14:14:22, MOVE, v:1, k:ed@pedra, mode:BACK
2026-03-14 14:14:53, SELF, v:1, k:ed@pedra, self:1, rate:100
2026-03-14 14:19:14, MOVE, v:1, k:ed@casais, mode:DOWN
2026-03-14 14:19:26, MOVE, v:1, k:ed@casais, mode:PICK
2026-03-14 14:21:27, EXEC, v:1, k:ed@casais, mode:FULL, rate:0, size:8
2026-03-14 14:21:28, EXEC, v:1, k:ed@casais, mode:FREE
2026-03-14 14:23:38, EXEC, v:1, k:ed@casais, mode:FULL, rate:0, size:12
2026-03-14 14:23:39, MOVE, v:1, k:ed@casais, mode:BACK
2026-03-14 14:23:39, MOVE, v:1, k:ed@casais, mode:PICK
2026-03-14 14:23:42, EXEC, v:1, k:ed@casais, mode:FREE
2026-03-14 14:36:22, EXEC, v:1, k:ed@casais, mode:FULL, rate:100, size:36
2026-03-14 14:36:24, MOVE, v:1, k:ed@casais, mode:BACK
2026-03-14 14:36:28, SELF, v:1, k:ed@casais, self:1, rate:100
