2026-06-04 17:08:12, SELF, v:1, k:ed@fractais_png, self:1, rate:100, concept:1, refactor:1
2026-06-04 17:08:59, SELF, v:1, k:ed@editorint, self:1, rate:100, concept:1, refactor:1
2026-06-04 17:09:45, MOVE, v:1, k:ed@pilha, mode:DOWN
2026-06-04 17:10:15, MOVE, v:1, k:ed@fila_enc, mode:DOWN
2026-06-04 17:10:16, MOVE, v:1, k:ed@fila_enc, mode:PICK
2026-06-04 17:11:06, EXEC, v:1, k:ed@fila_enc, mode:FULL, size:81, fail:COMP
2026-06-04 17:11:12, EXEC, v:1, k:ed@fila_enc, mode:FULL, rate:0, size:81
2026-06-04 17:10:15, MOVE, v:1, k:ed@fila_enc, mode:EDIT
2026-06-04 17:10:15, MOVE, v:1, k:ed@fila_enc, mode:EDIT
2026-06-04 17:11:11, MOVE, v:1, k:ed@fila_enc, mode:EDIT
2026-06-04 17:11:11, MOVE, v:1, k:ed@fila_enc, mode:EDIT
2026-06-04 17:11:12, MOVE, v:1, k:ed@fila_enc, mode:EDIT
2026-06-04 17:14:05, MOVE, v:1, k:ed@fila_enc, mode:EDIT
2026-06-04 17:14:05, MOVE, v:1, k:ed@fila_enc, mode:EDIT
2026-06-04 17:18:55, EXEC, v:1, k:ed@fila_enc, mode:FULL, rate:33, size:95
2026-06-04 17:21:21, MOVE, v:1, k:ed@fila_enc, mode:BACK
2026-06-04 17:21:33, MOVE, v:1, k:ed@lista_d1, mode:PICK
2026-06-04 17:22:15, MOVE, v:1, k:ed@lista_d1, mode:BACK
2026-06-04 17:22:18, MOVE, v:1, k:ed@fila_enc, mode:PICK
2026-06-04 17:22:22, EXEC, v:1, k:ed@fila_enc, mode:FULL, rate:33
2026-06-04 17:18:52, MOVE, v:1, k:ed@fila_enc, mode:EDIT
2026-06-04 17:18:52, MOVE, v:1, k:ed@fila_enc, mode:EDIT
2026-06-04 17:22:22, MOVE, v:1, k:ed@fila_enc, mode:EDIT
2026-06-04 17:31:37, EXEC, v:1, k:ed@fila_enc, mode:FULL, rate:66, size:107
2026-06-04 17:31:35, MOVE, v:1, k:ed@fila_enc, mode:EDIT
2026-06-04 17:31:35, MOVE, v:1, k:ed@fila_enc, mode:EDIT
2026-06-04 17:31:37, MOVE, v:1, k:ed@fila_enc, mode:EDIT
2026-06-04 17:36:34, EXEC, v:1, k:ed@fila_enc, mode:FULL, rate:100, size:115
2026-06-04 17:36:31, MOVE, v:1, k:ed@fila_enc, mode:EDIT
2026-06-04 17:36:31, MOVE, v:1, k:ed@fila_enc, mode:EDIT
2026-06-04 17:36:34, MOVE, v:1, k:ed@fila_enc, mode:EDIT
2026-06-04 17:42:22, MOVE, v:1, k:ed@fila_enc, mode:EDIT
2026-06-04 17:42:22, MOVE, v:1, k:ed@fila_enc, mode:EDIT
2026-06-04 17:45:09, EXEC, v:1, k:ed@fila_enc, mode:FULL, rate:100, size:130
