2026-05-02 20:18:25, MOVE, v:1, k:ed@treinando, mode:PICK
2026-05-02 20:18:25, EXEC, v:1, k:ed@treinando, mode:FULL, rate:100
2026-05-02 20:18:26, MOVE, v:1, k:ed@treinando, mode:BACK
2026-05-02 20:18:58, MOVE, v:1, k:ed@lista_d1, mode:DOWN
2026-05-02 20:20:33, MOVE, v:1, k:ed@lista_d1, mode:DOWN
2026-05-02 20:20:40, MOVE, v:1, k:ed@lista_d1, mode:PICK
2026-05-02 20:20:33, MOVE, v:1, k:ed@lista_d1, mode:EDIT
2026-05-02 20:20:33, MOVE, v:1, k:ed@lista_d1, mode:EDIT
2026-05-02 20:18:58, MOVE, v:1, k:ed@lista_d1, mode:EDIT
2026-05-02 20:20:33, MOVE, v:1, k:ed@lista_d1, mode:EDIT
2026-05-02 20:20:33, MOVE, v:1, k:ed@lista_d1, mode:EDIT
2026-05-02 20:26:32, MOVE, v:1, k:ed@lista_d1, mode:EDIT
2026-05-02 20:26:32, MOVE, v:1, k:ed@lista_d1, mode:EDIT
2026-05-02 20:33:05, MOVE, v:1, k:ed@lista_d1, mode:EDIT
2026-05-02 20:33:05, MOVE, v:1, k:ed@lista_d1, mode:EDIT
2026-05-02 20:36:27, MOVE, v:1, k:ed@lista_d1, mode:EDIT
2026-05-02 20:36:27, MOVE, v:1, k:ed@lista_d1, mode:EDIT
2026-05-02 20:41:49, MOVE, v:1, k:ed@lista_d1, mode:EDIT
2026-05-02 20:41:49, MOVE, v:1, k:ed@lista_d1, mode:EDIT
2026-05-02 20:47:28, MOVE, v:1, k:ed@lista_d1, mode:EDIT
2026-05-02 20:47:28, MOVE, v:1, k:ed@lista_d1, mode:EDIT
2026-05-02 20:52:47, MOVE, v:1, k:ed@lista_d1, mode:EDIT
2026-05-02 20:52:47, MOVE, v:1, k:ed@lista_d1, mode:EDIT
2026-05-02 20:57:53, MOVE, v:1, k:ed@lista_d1, mode:EDIT
2026-05-02 20:57:53, MOVE, v:1, k:ed@lista_d1, mode:EDIT
2026-05-02 21:02:43, MOVE, v:1, k:ed@lista_d1, mode:EDIT
2026-05-02 21:02:43, MOVE, v:1, k:ed@lista_d1, mode:EDIT
2026-05-02 21:04:13, EXEC, v:1, k:ed@lista_d1, mode:FULL, rate:0, size:131
2026-05-02 21:08:00, MOVE, v:1, k:ed@lista_d1, mode:EDIT
2026-05-02 21:08:00, MOVE, v:1, k:ed@lista_d1, mode:EDIT
2026-05-02 21:04:13, MOVE, v:1, k:ed@lista_d1, mode:EDIT
2026-05-02 21:09:31, EXEC, v:1, k:ed@lista_d1, mode:FULL, rate:14, size:148
2026-05-02 21:10:53, EXEC, v:1, k:ed@lista_d1, mode:FULL, rate:28, size:149
2026-05-02 21:11:31, EXEC, v:1, k:ed@lista_d1, mode:FULL, rate:42, size:153
2026-05-02 21:13:02, MOVE, v:1, k:ed@lista_d1, mode:EDIT
2026-05-02 21:13:02, MOVE, v:1, k:ed@lista_d1, mode:EDIT
2026-05-02 21:11:31, MOVE, v:1, k:ed@lista_d1, mode:EDIT
2026-05-02 21:13:38, EXEC, v:1, k:ed@lista_d1, mode:FULL, rate:57, size:162
2026-05-02 21:13:47, EXEC, v:1, k:ed@lista_d1, mode:FULL, rate:71, size:162
2026-05-02 21:14:00, EXEC, v:1, k:ed@lista_d1, mode:FULL, rate:85, size:162
2026-05-02 21:14:06, EXEC, v:1, k:ed@lista_d1, mode:FULL, rate:100, size:162
2026-05-02 21:14:09, MOVE, v:1, k:ed@lista_d1, mode:BACK
2026-05-02 21:14:16, SELF, v:1, k:ed@lista_d1, self:1, rate:100
2026-05-02 21:16:19, SELF, v:1, k:ed@fractais_png, self:1, rate:100, concept:1, problem:1
2026-05-02 21:17:04, SELF, v:1, k:ed@fractais_png, self:1, rate:100, study:350, concept:1, problem:1, refactor:1
