2026-02-22 07:31:42, MOVE, v:1, k:ed@rotten, mode:DOWN
2026-02-22 07:32:49, MOVE, v:1, k:ed@rotten, mode:PICK
2026-02-22 07:32:49, EXEC, v:1, k:ed@rotten, mode:FREE, size:13
2026-02-22 08:41:46, MOVE, v:1, k:ed@rotten, mode:PICK
2026-02-22 08:41:46, EXEC, v:1, k:ed@rotten, mode:FULL, rate:0, size:50
2026-02-22 08:41:47, EXEC, v:1, k:ed@rotten, mode:FULL, rate:0
2026-02-22 08:41:47, EXEC, v:1, k:ed@rotten, mode:FULL, rate:0
2026-02-22 08:41:52, EXEC, v:1, k:ed@rotten, mode:FREE
2026-02-22 09:08:25, EXEC, v:1, k:ed@rotten, mode:FULL, rate:33, size:49
2026-02-22 09:08:35, EXEC, v:1, k:ed@rotten, mode:FULL, rate:100, size:49
2026-02-22 09:11:27, EXEC, v:1, k:ed@rotten, mode:FULL, rate:33, size:52
2026-02-22 09:13:58, EXEC, v:1, k:ed@rotten, mode:FREE, size:58
2026-02-22 09:14:02, EXEC, v:1, k:ed@rotten, mode:FULL, rate:100
2026-02-22 09:14:28, EXEC, v:1, k:ed@rotten, mode:FULL, rate:100, size:58
2026-02-22 09:14:29, MOVE, v:1, k:ed@rotten, mode:BACK
2026-02-22 09:14:46, SELF, v:1, k:ed@rotten, rate:100, guide:ideia_do_bfs, alone:7
2026-02-22 09:19:25, MOVE, v:1, k:ed@caminho, mode:DOWN
2026-02-22 09:26:52, MOVE, v:1, k:ed@caminho, mode:PICK
2026-02-22 09:26:52, EXEC, v:1, k:ed@caminho, mode:FREE, size:11
2026-02-22 09:33:16, MOVE, v:1, k:ed@caminho, mode:BACK
2026-02-22 09:34:07, MOVE, v:1, k:ed@caminho, mode:PICK
2026-02-22 09:34:08, EXEC, v:1, k:ed@caminho, mode:FREE, size:27
2026-02-22 11:13:12, MOVE, v:1, k:ed@caminho, mode:PICK
2026-02-22 11:13:12, EXEC, v:1, k:ed@caminho, mode:FREE, size:50
2026-02-22 12:14:15, MOVE, v:1, k:ed@caminho, mode:PICK
2026-02-22 12:14:17, EXEC, v:1, k:ed@caminho, mode:FREE, size:56
2026-02-22 12:16:11, EXEC, v:1, k:ed@caminho, mode:FULL, rate:16
2026-02-22 12:16:42, EXEC, v:1, k:ed@caminho, mode:FREE
2026-02-22 12:20:49, MOVE, v:1, k:ed@caminho, mode:PICK
2026-02-22 12:20:49, EXEC, v:1, k:ed@caminho, mode:FREE, size:56
2026-02-22 12:23:12, EXEC, v:1, k:ed@caminho, mode:FREE, size:57
2026-02-22 12:34:39, EXEC, v:1, k:ed@caminho, mode:FULL, rate:100, size:53
2026-02-22 12:34:40, MOVE, v:1, k:ed@caminho, mode:BACK
2026-02-22 12:34:51, SELF, v:1, k:ed@caminho, rate:100, alone:10
2026-02-22 12:49:05, MOVE, v:1, k:ed@detonate, mode:DOWN
2026-02-22 13:57:12, MOVE, v:1, k:ed@detonate, mode:PICK
2026-02-22 13:57:13, EXEC, v:1, k:ed@detonate, mode:FREE, size:13
2026-02-22 14:58:13, MOVE, v:1, k:ed@detonate, mode:PICK
2026-02-22 14:58:13, EXEC, v:1, k:ed@detonate, mode:FREE, size:46
2026-02-22 15:00:19, MOVE, v:1, k:ed@detonate, mode:PICK
2026-02-22 15:00:20, EXEC, v:1, k:ed@detonate, mode:FREE, size:47
2026-02-22 15:00:47, MOVE, v:1, k:ed@detonate, mode:PICK
2026-02-22 15:00:47, EXEC, v:1, k:ed@detonate, mode:FREE, size:51
2026-02-22 15:03:04, MOVE, v:1, k:ed@detonate, mode:PICK
2026-02-22 15:03:04, EXEC, v:1, k:ed@detonate, mode:FREE, size:51
2026-02-22 15:03:33, EXEC, v:1, k:ed@detonate, mode:FULL, rate:100, size:48
2026-02-22 15:04:18, MOVE, v:1, k:ed@detonate, mode:BACK
2026-02-22 15:04:51, SELF, v:1, k:ed@detonate, rate:100, guide:ideias_de_como_aplicar_o_bfs, alone:6
2026-02-22 15:04:56, SELF, v:1, k:ed@detonate, rate:100, guide:ideias_de_como_aplicar_o_bfs, alone:7
2026-02-22 15:15:26, MOVE, v:1, k:ed@escapeSpread, mode:DOWN
2026-02-22 16:37:22, SELF, v:1, k:ed@rotten, rate:100, guide:ideia_do_bfs, alone:7, study:75
2026-02-22 16:37:29, SELF, v:1, k:ed@rotten, rate:100, guide:ideia_do_bfs, alone:7, study:75
2026-02-22 16:37:36, SELF, v:1, k:ed@caminho, rate:100, alone:10
2026-02-22 16:38:25, SELF, v:1, k:ed@caminho, rate:100, alone:9, study:50
2026-02-22 16:38:38, SELF, v:1, k:ed@detonate, rate:100, guide:ideias_de_como_aplicar_o_bfs, alone:7, study:160
2026-02-22 16:38:44, SELF, v:1, k:ed@detonate, rate:100, guide:ideias_de_como_aplicar_o_bfs, alone:7, study:160
2026-02-22 16:38:52, SELF, v:1, k:ed@detonate, rate:100, guide:ideias_de_como_aplicar_o_bfs, alone:7, study:130
2026-02-22 16:42:41, MOVE, v:1, k:ed@escapeSpread, mode:PICK
2026-02-22 16:42:41, EXEC, v:1, k:ed@escapeSpread, mode:FREE, size:16
2026-02-22 17:36:37, EXEC, v:1, k:ed@escapeSpread, mode:FULL, rate:100, size:79
2026-02-22 17:36:38, MOVE, v:1, k:ed@escapeSpread, mode:BACK
2026-02-22 17:37:23, SELF, v:1, k:ed@escapeSpread, rate:100, iagen:ver_oque_era_uma_busca_binaria, guide:resolucao_do_problema, alone:3
2026-02-22 17:37:45, SELF, v:1, k:ed@escapeSpread, rate:100, iagen:ver_oque_era_uma_busca_binaria, guide:resolucao_do_problema, alone:3, study:150
