2026-03-17 13:13:55, MOVE, v:1, k:ed@manipulacao, mode:DOWN
2026-03-17 13:14:19, MOVE, v:1, k:ed@manipulacao, mode:PICK
2026-03-17 13:14:26, EXEC, v:1, k:ed@manipulacao, mode:FULL, rate:100, size:93
2026-03-17 13:14:29, MOVE, v:1, k:ed@manipulacao, mode:BACK
2026-03-17 13:14:40, SELF, v:1, k:ed@manipulacao, self:1, rate:100
2026-03-17 13:14:57, MOVE, v:1, k:ed@apagando, mode:PICK
2026-03-17 13:14:58, EXEC, v:1, k:ed@apagando, mode:FULL, rate:100, size:14
2026-03-17 13:14:59, MOVE, v:1, k:ed@apagando, mode:BACK
2026-03-17 13:15:02, SELF, v:1, k:ed@apagando, self:1, rate:100
2026-03-17 13:16:29, MOVE, v:1, k:ed@especiais, mode:DOWN
2026-03-17 13:16:36, MOVE, v:1, k:ed@especiais, mode:PICK
2026-03-17 13:18:17, EXEC, v:1, k:ed@especiais, mode:FULL, rate:100, size:122
2026-03-17 13:18:18, MOVE, v:1, k:ed@especiais, mode:BACK
2026-03-17 13:18:23, SELF, v:1, k:ed@especiais, self:1, rate:100
2026-03-17 13:18:29, MOVE, v:1, k:ed@buscas, mode:DOWN
2026-03-17 13:18:32, MOVE, v:1, k:ed@buscas, mode:PICK
2026-03-17 13:18:54, EXEC, v:1, k:ed@buscas, mode:FULL, rate:100, size:13
2026-03-17 13:18:55, MOVE, v:1, k:ed@buscas, mode:BACK
2026-03-17 13:19:02, SELF, v:1, k:ed@buscas, self:1, rate:100
2026-03-17 13:19:39, MOVE, v:1, k:ed@rotacoes, mode:DOWN
2026-03-17 13:19:41, MOVE, v:1, k:ed@rotacoes, mode:PICK
2026-03-17 13:20:08, EXEC, v:1, k:ed@rotacoes, mode:FULL, rate:100, size:9
2026-03-17 13:20:13, MOVE, v:1, k:ed@rotacoes, mode:BACK
2026-03-17 13:20:17, SELF, v:1, k:ed@rotacoes, self:1, rate:100
