2026-04-24 05:37:57, MOVE, v:1, k:ed@multiset, mode:PICK
2026-04-24 05:37:57, EXEC, v:1, k:ed@multiset, mode:FULL, rate:50
2026-04-24 05:42:19, EXEC, v:1, k:ed@multiset, mode:FULL, rate:50, size:183
2026-04-24 05:42:19, MOVE, v:1, k:ed@multiset, mode:EDIT
2026-04-24 05:42:17, MOVE, v:1, k:ed@multiset, mode:EDIT
2026-04-24 05:42:17, MOVE, v:1, k:ed@multiset, mode:EDIT
2026-04-24 05:43:29, EXEC, v:1, k:ed@multiset, mode:FULL, rate:50, size:186
2026-04-24 05:43:52, EXEC, v:1, k:ed@multiset, mode:FULL, rate:50, size:186
2026-04-24 05:44:37, EXEC, v:1, k:ed@multiset, mode:FULL, rate:50, size:187
2026-04-24 05:46:40, EXEC, v:1, k:ed@multiset, mode:FULL, rate:50, size:187
2026-04-24 05:47:18, EXEC, v:1, k:ed@multiset, mode:FULL, rate:66, size:183
2026-04-24 05:47:17, MOVE, v:1, k:ed@multiset, mode:EDIT
2026-04-24 05:47:17, MOVE, v:1, k:ed@multiset, mode:EDIT
2026-04-24 05:47:18, MOVE, v:1, k:ed@multiset, mode:EDIT
2026-04-24 05:51:52, MOVE, v:1, k:ed@multiset, mode:EDIT
2026-04-24 05:51:52, MOVE, v:1, k:ed@multiset, mode:EDIT
2026-04-24 05:56:20, EXEC, v:1, k:ed@multiset, mode:FULL, rate:66, size:195
2026-04-24 05:57:27, EXEC, v:1, k:ed@multiset, mode:FULL, rate:83, size:198
2026-04-24 05:57:25, MOVE, v:1, k:ed@multiset, mode:EDIT
2026-04-24 05:57:25, MOVE, v:1, k:ed@multiset, mode:EDIT
2026-04-24 05:57:27, MOVE, v:1, k:ed@multiset, mode:EDIT
2026-04-24 05:58:22, EXEC, v:1, k:ed@multiset, mode:FULL, rate:83, size:203
2026-04-24 06:00:25, EXEC, v:1, k:ed@multiset, mode:FULL, rate:0, size:204
2026-04-24 06:00:40, EXEC, v:1, k:ed@multiset, mode:LOCK, rate:0, size:204
2026-04-24 06:02:20, EXEC, v:1, k:ed@multiset, mode:LOCK, rate:0, size:205
2026-04-24 06:02:35, EXEC, v:1, k:ed@multiset, mode:LOCK, rate:0, size:205
2026-04-24 06:02:35, MOVE, v:1, k:ed@multiset, mode:EDIT
2026-04-24 06:02:35, MOVE, v:1, k:ed@multiset, mode:EDIT
2026-04-24 06:02:35, MOVE, v:1, k:ed@multiset, mode:EDIT
2026-04-24 06:03:55, EXEC, v:1, k:ed@multiset, mode:LOCK, rate:0, size:206
2026-04-24 06:04:54, EXEC, v:1, k:ed@multiset, mode:LOCK, rate:0, size:206
2026-04-24 06:05:04, EXEC, v:1, k:ed@multiset, mode:LOCK, rate:0, size:206
2026-04-24 06:06:15, EXEC, v:1, k:ed@multiset, mode:LOCK, rate:100, size:205
2026-04-24 06:06:39, EXEC, v:1, k:ed@multiset, mode:LOCK, rate:100, size:204
2026-04-24 06:06:41, EXEC, v:1, k:ed@multiset, mode:FULL, rate:100
2026-04-24 06:07:07, SELF, v:1, k:ed@multiset, self:1, rate:100, refactor:1
