2026-04-19 08:46:33, MOVE, v:1, k:sandbox@user_001, mode:PICK
2026-04-19 08:46:34, EXEC, v:1, k:sandbox@user_001, mode:LOCK, rate:0, size:5
2026-04-19 08:46:37, MOVE, v:1, k:sandbox@user_001, mode:BACK
2026-04-19 08:46:41, MOVE, v:1, k:sandbox@user_001, mode:PICK
2026-04-19 08:48:09, MOVE, v:1, k:sandbox@user_001, mode:PICK
2026-04-19 08:48:07, MOVE, v:1, k:sandbox@user_001, mode:EDIT
2026-04-19 08:52:46, MOVE, v:1, k:sandbox@user_001, mode:EDIT
2026-04-19 08:52:46, MOVE, v:1, k:sandbox@user_001, mode:EDIT
2026-04-19 08:53:02, MOVE, v:1, k:sandbox@user_001, mode:PICK
2026-04-19 08:53:02, EXEC, v:1, k:sandbox@user_001, mode:LOCK, rate:0, size:49
2026-04-19 08:53:09, EXEC, v:1, k:sandbox@user_001, mode:FREE
2026-04-19 08:53:19, MOVE, v:1, k:sandbox@user_001, mode:BACK
2026-04-19 08:53:09, MOVE, v:1, k:sandbox@user_001, mode:EDIT
2026-04-19 08:56:28, MOVE, v:1, k:sandbox@user_001, mode:EDIT
2026-04-19 08:56:28, MOVE, v:1, k:sandbox@user_001, mode:EDIT
2026-04-19 08:53:09, MOVE, v:1, k:sandbox@user_001, mode:EDIT
2026-04-19 08:56:28, MOVE, v:1, k:sandbox@user_001, mode:EDIT
2026-04-19 08:56:28, MOVE, v:1, k:sandbox@user_001, mode:EDIT
2026-04-19 09:02:27, MOVE, v:1, k:sandbox@user_001, mode:EDIT
2026-04-19 09:02:27, MOVE, v:1, k:sandbox@user_001, mode:EDIT
2026-04-19 09:02:58, MOVE, v:1, k:sandbox@user_001, mode:EDIT
2026-04-19 09:02:58, MOVE, v:1, k:sandbox@user_001, mode:EDIT
2026-04-19 09:08:00, MOVE, v:1, k:sandbox@user_001, mode:EDIT
2026-04-19 09:08:00, MOVE, v:1, k:sandbox@user_001, mode:EDIT
2026-04-19 09:11:52, MOVE, v:1, k:sandbox@user_001, mode:EDIT
2026-04-19 09:11:52, MOVE, v:1, k:sandbox@user_001, mode:EDIT
2026-04-19 09:13:54, MOVE, v:1, k:sandbox@user_001, mode:PICK
2026-04-19 09:13:55, EXEC, v:1, k:sandbox@user_001, mode:LOCK, rate:100, size:71
2026-04-19 09:13:59, MOVE, v:1, k:sandbox@user_001, mode:BACK
2026-04-19 09:17:16, MOVE, v:1, k:sandbox@user_001, mode:PICK
2026-04-19 09:17:16, EXEC, v:1, k:sandbox@user_001, mode:LOCK, rate:0, size:76
2026-04-19 09:17:19, MOVE, v:1, k:sandbox@user_001, mode:BACK
2026-04-19 09:17:41, MOVE, v:1, k:sandbox@user_001, mode:PICK
2026-04-19 09:17:42, EXEC, v:1, k:sandbox@user_001, mode:LOCK, rate:0, size:79
2026-04-19 09:17:50, MOVE, v:1, k:sandbox@user_001, mode:BACK
2026-04-19 09:24:07, MOVE, v:1, k:sandbox@user_001, mode:PICK
2026-04-19 09:24:07, EXEC, v:1, k:sandbox@user_001, mode:LOCK, rate:0, size:87
2026-04-19 09:24:09, MOVE, v:1, k:sandbox@user_001, mode:BACK
2026-04-19 09:27:12, MOVE, v:1, k:sandbox@user_001, mode:PICK
2026-04-19 09:27:12, EXEC, v:1, k:sandbox@user_001, mode:LOCK, rate:0, size:83
2026-04-19 09:27:16, MOVE, v:1, k:sandbox@user_001, mode:BACK
2026-04-19 09:27:12, MOVE, v:1, k:sandbox@user_001, mode:EDIT
2026-04-19 09:28:03, MOVE, v:1, k:sandbox@user_001, mode:EDIT
2026-04-19 09:28:03, MOVE, v:1, k:sandbox@user_001, mode:EDIT
2026-04-19 09:30:34, MOVE, v:1, k:sandbox@user_001, mode:PICK
2026-04-19 09:30:34, EXEC, v:1, k:sandbox@user_001, mode:LOCK, rate:0, size:91
2026-04-19 09:30:38, MOVE, v:1, k:sandbox@user_001, mode:BACK
2026-04-19 09:32:24, MOVE, v:1, k:sandbox@user_001, mode:EDIT
2026-04-19 09:32:24, MOVE, v:1, k:sandbox@user_001, mode:EDIT
2026-04-19 09:30:34, MOVE, v:1, k:sandbox@user_001, mode:EDIT
2026-04-19 09:37:48, MOVE, v:1, k:sandbox@user_001, mode:EDIT
2026-04-19 09:37:48, MOVE, v:1, k:sandbox@user_001, mode:EDIT
2026-04-19 09:43:26, MOVE, v:1, k:sandbox@user_001, mode:PICK
2026-04-19 09:43:26, EXEC, v:1, k:sandbox@user_001, mode:LOCK, rate:0, size:116
2026-04-19 09:43:45, EXEC, v:1, k:sandbox@user_001, mode:LOCK, rate:0
2026-04-19 09:43:46, MOVE, v:1, k:sandbox@user_001, mode:BACK
2026-04-19 09:43:47, MOVE, v:1, k:sandbox@user_001, mode:PICK
2026-04-19 09:43:48, EXEC, v:1, k:sandbox@user_001, mode:LOCK, rate:0
2026-04-19 09:43:42, MOVE, v:1, k:sandbox@user_001, mode:EDIT
2026-04-19 09:43:42, MOVE, v:1, k:sandbox@user_001, mode:EDIT
2026-04-19 09:43:48, MOVE, v:1, k:sandbox@user_001, mode:EDIT
2026-04-19 09:44:12, EXEC, v:1, k:sandbox@user_001, mode:LOCK, rate:0, size:116
2026-04-19 09:44:12, MOVE, v:1, k:sandbox@user_001, mode:EDIT
2026-04-19 09:46:11, MOVE, v:1, k:sandbox@user_001, mode:EDIT
2026-04-19 09:46:11, MOVE, v:1, k:sandbox@user_001, mode:EDIT
2026-04-19 09:46:11, MOVE, v:1, k:sandbox@user_001, mode:EDIT
2026-04-19 09:46:11, MOVE, v:1, k:sandbox@user_001, mode:EDIT
2026-04-19 09:44:12, MOVE, v:1, k:sandbox@user_001, mode:EDIT
2026-04-19 09:51:17, MOVE, v:1, k:sandbox@user_001, mode:EDIT
2026-04-19 09:51:17, MOVE, v:1, k:sandbox@user_001, mode:EDIT
2026-04-19 09:51:17, MOVE, v:1, k:sandbox@user_001, mode:EDIT
2026-04-19 09:51:17, MOVE, v:1, k:sandbox@user_001, mode:EDIT
2026-04-19 09:57:34, EXEC, v:1, k:sandbox@user_001, mode:LOCK, rate:0, size:140
2026-04-19 09:57:35, MOVE, v:1, k:sandbox@user_001, mode:BACK
2026-04-19 09:57:38, MOVE, v:1, k:sandbox@user_001, mode:PICK
2026-04-19 09:57:58, EXEC, v:1, k:sandbox@user_001, mode:LOCK, rate:0, size:140
2026-04-19 09:57:59, MOVE, v:1, k:sandbox@user_001, mode:BACK
2026-04-19 09:58:10, MOVE, v:1, k:sandbox@user_001, mode:PICK
2026-04-19 09:58:11, EXEC, v:1, k:sandbox@user_001, mode:LOCK, rate:0, size:140
2026-04-19 09:58:12, MOVE, v:1, k:sandbox@user_001, mode:BACK
2026-04-19 09:58:32, MOVE, v:1, k:sandbox@user_001, mode:PICK
2026-04-19 09:58:32, EXEC, v:1, k:sandbox@user_001, mode:LOCK, rate:0, size:140
2026-04-19 09:58:23, MOVE, v:1, k:sandbox@user_001, mode:EDIT
2026-04-19 09:58:23, MOVE, v:1, k:sandbox@user_001, mode:EDIT
2026-04-19 09:58:32, MOVE, v:1, k:sandbox@user_001, mode:EDIT
2026-04-19 09:59:17, EXEC, v:1, k:sandbox@user_001, mode:LOCK, rate:0, size:142
2026-04-19 09:59:18, EXEC, v:1, k:sandbox@user_001, mode:LOCK, rate:0
2026-04-19 09:59:31, EXEC, v:1, k:sandbox@user_001, mode:LOCK, rate:0, size:142
2026-04-19 09:59:32, MOVE, v:1, k:sandbox@user_001, mode:BACK
2026-04-19 10:00:42, MOVE, v:1, k:sandbox@user_001, mode:PICK
2026-04-19 10:00:43, EXEC, v:1, k:sandbox@user_001, mode:LOCK, rate:0, size:143
2026-04-19 10:00:53, EXEC, v:1, k:sandbox@user_001, mode:LOCK, rate:0, size:143
2026-04-19 10:02:12, EXEC, v:1, k:sandbox@user_001, mode:LOCK, rate:0, size:143
2026-04-19 10:02:12, MOVE, v:1, k:sandbox@user_001, mode:EDIT
2026-04-19 10:02:08, MOVE, v:1, k:sandbox@user_001, mode:EDIT
2026-04-19 10:02:08, MOVE, v:1, k:sandbox@user_001, mode:EDIT
2026-04-19 10:02:08, MOVE, v:1, k:sandbox@user_001, mode:EDIT
2026-04-19 10:02:08, MOVE, v:1, k:sandbox@user_001, mode:EDIT
2026-04-19 10:02:12, MOVE, v:1, k:sandbox@user_001, mode:EDIT
2026-04-19 10:06:36, EXEC, v:1, k:sandbox@user_001, mode:LOCK, rate:0, size:151
2026-04-19 10:06:58, EXEC, v:1, k:sandbox@user_001, mode:LOCK, rate:0, size:149
2026-04-19 10:07:09, MOVE, v:1, k:sandbox@user_001, mode:BACK
