2026-05-03 08:51:23, MOVE, v:1, k:ed@lista_d2, mode:DOWN
2026-05-03 08:51:30, MOVE, v:1, k:ed@lista_d2, mode:PICK
2026-05-03 08:51:23, MOVE, v:1, k:ed@lista_d2, mode:EDIT
2026-05-03 08:51:23, MOVE, v:1, k:ed@lista_d2, mode:EDIT
2026-05-03 08:51:23, MOVE, v:1, k:ed@lista_d2, mode:EDIT
2026-05-03 08:51:23, MOVE, v:1, k:ed@lista_d2, mode:EDIT
2026-05-03 09:00:22, MOVE, v:1, k:ed@lista_d2, mode:EDIT
2026-05-03 09:00:22, MOVE, v:1, k:ed@lista_d2, mode:EDIT
2026-05-03 09:03:26, MOVE, v:1, k:ed@lista_d2, mode:EDIT
2026-05-03 09:03:26, MOVE, v:1, k:ed@lista_d2, mode:EDIT
2026-05-03 09:10:40, MOVE, v:1, k:ed@lista_d2, mode:EDIT
2026-05-03 09:10:40, MOVE, v:1, k:ed@lista_d2, mode:EDIT
2026-05-03 09:14:52, MOVE, v:1, k:ed@lista_d2, mode:EDIT
2026-05-03 09:14:52, MOVE, v:1, k:ed@lista_d2, mode:EDIT
2026-05-03 09:19:44, EXEC, v:1, k:ed@lista_d2, mode:FULL, rate:0, size:182
2026-05-03 09:19:40, MOVE, v:1, k:ed@lista_d2, mode:EDIT
2026-05-03 09:19:40, MOVE, v:1, k:ed@lista_d2, mode:EDIT
2026-05-03 09:19:42, MOVE, v:1, k:ed@lista_d2, mode:EDIT
2026-05-03 09:21:44, EXEC, v:1, k:ed@lista_d2, mode:FREE
2026-05-03 09:23:48, MOVE, v:1, k:ed@lista_d2, mode:EDIT
2026-05-03 09:23:32, MOVE, v:1, k:ed@lista_d2, mode:EDIT
2026-05-03 09:23:32, MOVE, v:1, k:ed@lista_d2, mode:EDIT
2026-05-03 09:30:36, MOVE, v:1, k:ed@lista_d2, mode:EDIT
2026-05-03 09:30:36, MOVE, v:1, k:ed@lista_d2, mode:EDIT
2026-05-03 09:32:35, EXEC, v:1, k:ed@lista_d2, mode:FULL, rate:0, size:184
2026-05-03 09:33:05, EXEC, v:1, k:ed@lista_d2, mode:FULL, rate:0, size:185
2026-05-03 09:33:55, EXEC, v:1, k:ed@lista_d2, mode:FULL, rate:20, size:185
2026-05-03 09:35:17, EXEC, v:1, k:ed@lista_d2, mode:FULL, rate:0, size:185
2026-05-03 09:35:14, MOVE, v:1, k:ed@lista_d2, mode:EDIT
2026-05-03 09:35:14, MOVE, v:1, k:ed@lista_d2, mode:EDIT
2026-05-03 09:35:15, MOVE, v:1, k:ed@lista_d2, mode:EDIT
2026-05-03 09:36:12, EXEC, v:1, k:ed@lista_d2, mode:FULL, rate:0, size:185
2026-05-03 09:37:07, MOVE, v:1, k:ed@lista_d2, mode:PICK
2026-05-03 09:37:08, EXEC, v:1, k:ed@lista_d2, mode:FULL, rate:0, size:185
2026-05-03 09:38:45, EXEC, v:1, k:ed@lista_d2, mode:FULL, rate:0
2026-05-03 09:38:47, EXEC, v:1, k:ed@lista_d2, mode:FULL, rate:20, size:185
2026-05-03 09:39:15, EXEC, v:1, k:ed@lista_d2, mode:FULL, rate:20, size:185
2026-05-03 09:39:32, EXEC, v:1, k:ed@lista_d2, mode:FULL, rate:20, size:185
2026-05-03 09:39:32, MOVE, v:1, k:ed@lista_d2, mode:EDIT
2026-05-03 09:39:31, MOVE, v:1, k:ed@lista_d2, mode:EDIT
2026-05-03 09:39:31, MOVE, v:1, k:ed@lista_d2, mode:EDIT
2026-05-03 09:43:52, EXEC, v:1, k:ed@lista_d2, mode:FULL, size:191, fail:COMP
2026-05-03 09:43:58, EXEC, v:1, k:ed@lista_d2, mode:FULL, fail:COMP
2026-05-03 09:44:07, EXEC, v:1, k:ed@lista_d2, mode:FULL, size:191, fail:COMP
2026-05-03 09:44:34, EXEC, v:1, k:ed@lista_d2, mode:FULL, rate:20, size:191
2026-05-03 09:44:45, EXEC, v:1, k:ed@lista_d2, mode:FULL, rate:20, size:191
2026-05-03 09:44:56, EXEC, v:1, k:ed@lista_d2, mode:FULL, rate:20, size:191
2026-05-03 09:45:07, EXEC, v:1, k:ed@lista_d2, mode:FULL, rate:20, size:191
2026-05-03 09:46:26, EXEC, v:1, k:ed@lista_d2, mode:FULL, rate:20, size:192
2026-05-03 09:46:32, EXEC, v:1, k:ed@lista_d2, mode:FULL, rate:20
2026-05-03 09:46:36, EXEC, v:1, k:ed@lista_d2, mode:FULL, rate:20, size:192
2026-05-03 09:46:50, MOVE, v:1, k:ed@lista_d2, mode:EDIT
2026-05-03 09:46:50, MOVE, v:1, k:ed@lista_d2, mode:EDIT
2026-05-03 09:46:52, MOVE, v:1, k:ed@lista_d2, mode:EDIT
2026-05-03 09:46:54, EXEC, v:1, k:ed@lista_d2, mode:FULL, rate:20, size:192
2026-05-03 09:47:08, EXEC, v:1, k:ed@lista_d2, mode:FULL, rate:20
2026-05-03 09:47:11, EXEC, v:1, k:ed@lista_d2, mode:FREE
2026-05-03 09:47:11, MOVE, v:1, k:ed@lista_d2, mode:EDIT
2026-05-03 09:54:10, EXEC, v:1, k:ed@lista_d2, mode:FULL, rate:20, size:196
2026-05-03 09:54:24, EXEC, v:1, k:ed@lista_d2, mode:FULL, rate:20, size:196
2026-05-03 09:55:28, EXEC, v:1, k:ed@lista_d2, mode:FULL, rate:20, size:196
2026-05-03 09:56:47, EXEC, v:1, k:ed@lista_d2, mode:FULL, rate:20, size:197
2026-05-03 09:56:44, MOVE, v:1, k:ed@lista_d2, mode:EDIT
2026-05-03 09:56:44, MOVE, v:1, k:ed@lista_d2, mode:EDIT
2026-05-03 09:56:45, MOVE, v:1, k:ed@lista_d2, mode:EDIT
2026-05-03 09:57:29, EXEC, v:1, k:ed@lista_d2, mode:FREE
2026-05-03 09:58:40, MOVE, v:1, k:ed@lista_d2, mode:PICK
2026-05-03 09:58:42, EXEC, v:1, k:ed@lista_d2, mode:FULL, rate:20, size:193
2026-05-03 09:59:22, EXEC, v:1, k:ed@lista_d2, mode:LOCK, rate:0
2026-05-03 09:59:43, MOVE, v:1, k:ed@lista_d2, mode:BACK
2026-05-03 16:18:49, MOVE, v:1, k:ed@lista_d2, mode:PICK
2026-05-03 16:18:50, EXEC, v:1, k:ed@lista_d2, mode:FULL, rate:20
2026-05-03 16:19:12, EXEC, v:1, k:ed@lista_d2, mode:LOCK, rate:0
2026-05-03 16:19:24, EXEC, v:1, k:ed@lista_d2, mode:FULL, rate:20
2026-05-03 16:21:35, MOVE, v:1, k:ed@lista_d2, mode:BACK
2026-05-03 16:21:42, MOVE, v:1, k:ed@lista_d2, mode:PICK
2026-05-03 16:21:44, EXEC, v:1, k:ed@lista_d2, mode:FULL, rate:20
2026-05-03 16:21:43, MOVE, v:1, k:ed@lista_d2, mode:EDIT
2026-05-03 16:24:10, EXEC, v:1, k:ed@lista_d2, mode:FULL, rate:40, size:194
2026-05-03 16:25:31, MOVE, v:1, k:ed@lista_d2, mode:EDIT
2026-05-03 16:25:31, MOVE, v:1, k:ed@lista_d2, mode:EDIT
2026-05-03 16:24:10, MOVE, v:1, k:ed@lista_d2, mode:EDIT
2026-05-03 16:30:59, EXEC, v:1, k:ed@lista_d2, mode:FULL, rate:0, size:202
2026-05-03 16:31:14, EXEC, v:1, k:ed@lista_d2, mode:FULL, rate:0, size:202
2026-05-03 16:31:34, EXEC, v:1, k:ed@lista_d2, mode:FULL, rate:0, size:202
2026-05-03 16:32:24, EXEC, v:1, k:ed@lista_d2, mode:FULL, rate:40, size:194
2026-05-03 16:32:37, EXEC, v:1, k:ed@lista_d2, mode:FULL, rate:40, size:202
2026-05-03 16:33:09, EXEC, v:1, k:ed@lista_d2, mode:FULL, rate:40, size:202
2026-05-03 16:33:04, MOVE, v:1, k:ed@lista_d2, mode:EDIT
2026-05-03 16:33:04, MOVE, v:1, k:ed@lista_d2, mode:EDIT
2026-05-03 16:33:08, MOVE, v:1, k:ed@lista_d2, mode:EDIT
2026-05-03 16:34:13, MOVE, v:1, k:ed@lista_d2, mode:PICK
2026-05-03 16:34:13, EXEC, v:1, k:ed@lista_d2, mode:FREE
2026-05-03 16:35:27, MOVE, v:1, k:ed@lista_d2, mode:PICK
2026-05-03 16:35:28, EXEC, v:1, k:ed@lista_d2, mode:FREE, size:202
2026-05-03 16:37:13, EXEC, v:1, k:ed@lista_d2, mode:FULL, rate:40, size:202
2026-05-03 16:37:17, EXEC, v:1, k:ed@lista_d2, mode:FULL, rate:60, size:201
2026-05-03 16:37:53, EXEC, v:1, k:ed@lista_d2, mode:FULL, rate:80, size:201
2026-05-03 16:37:53, MOVE, v:1, k:ed@lista_d2, mode:EDIT
2026-05-03 16:38:33, MOVE, v:1, k:ed@lista_d2, mode:EDIT
2026-05-03 16:38:33, MOVE, v:1, k:ed@lista_d2, mode:EDIT
2026-05-03 16:37:53, MOVE, v:1, k:ed@lista_d2, mode:EDIT
2026-05-03 16:39:14, MOVE, v:1, k:ed@lista_d2, mode:EDIT
2026-05-03 16:39:14, MOVE, v:1, k:ed@lista_d2, mode:EDIT
2026-05-03 16:39:14, MOVE, v:1, k:ed@lista_d2, mode:EDIT
2026-05-03 16:39:14, MOVE, v:1, k:ed@lista_d2, mode:EDIT
2026-05-03 16:45:48, EXEC, v:1, k:ed@lista_d2, mode:FULL, rate:100, size:207
2026-05-03 16:46:06, MOVE, v:1, k:ed@lista_d2, mode:BACK
2026-05-03 16:46:18, SELF, v:1, k:ed@lista_d2, self:1, rate:100, refactor:1
2026-05-03 16:45:45, MOVE, v:1, k:ed@lista_d2, mode:EDIT
2026-05-03 16:45:45, MOVE, v:1, k:ed@lista_d2, mode:EDIT
2026-05-03 16:45:48, MOVE, v:1, k:ed@lista_d2, mode:EDIT
2026-05-03 20:17:29, MOVE, v:1, k:ed@lista_d2, mode:PICK
2026-05-03 20:17:30, EXEC, v:1, k:ed@lista_d2, mode:FULL, rate:100
2026-05-03 20:17:30, MOVE, v:1, k:ed@lista_d2, mode:BACK
2026-05-03 20:18:23, MOVE, v:1, k:ed@lista_d4, mode:DOWN
2026-05-03 20:17:30, MOVE, v:1, k:ed@lista_d2, mode:EDIT
2026-05-03 20:18:23, MOVE, v:1, k:ed@lista_d4, mode:EDIT
2026-05-03 20:18:23, MOVE, v:1, k:ed@lista_d4, mode:EDIT
2026-05-03 20:18:23, MOVE, v:1, k:ed@lista_d4, mode:EDIT
2026-05-03 20:18:23, MOVE, v:1, k:ed@lista_d4, mode:EDIT
2026-05-03 20:22:35, MOVE, v:1, k:ed@lista_d4, mode:PICK
2026-05-03 20:22:36, EXEC, v:1, k:ed@lista_d4, mode:FULL, rate:0, size:124
2026-05-03 20:22:57, EXEC, v:1, k:ed@lista_d4, mode:FULL, rate:0, size:123
2026-05-03 20:23:13, EXEC, v:1, k:ed@lista_d4, mode:FULL, rate:0, size:124
2026-05-03 20:23:13, MOVE, v:1, k:ed@lista_d4, mode:EDIT
2026-05-03 20:26:48, MOVE, v:1, k:ed@lista_d4, mode:EDIT
2026-05-03 20:26:48, MOVE, v:1, k:ed@lista_d4, mode:EDIT
2026-05-03 20:31:50, MOVE, v:1, k:ed@lista_d4, mode:EDIT
2026-05-03 20:31:50, MOVE, v:1, k:ed@lista_d4, mode:EDIT
2026-05-03 20:37:01, MOVE, v:1, k:ed@lista_d4, mode:EDIT
2026-05-03 20:37:01, MOVE, v:1, k:ed@lista_d4, mode:EDIT
2026-05-03 20:42:07, MOVE, v:1, k:ed@lista_d4, mode:EDIT
2026-05-03 20:42:07, MOVE, v:1, k:ed@lista_d4, mode:EDIT
2026-05-03 20:47:07, EXEC, v:1, k:ed@lista_d4, mode:FULL, rate:33, size:145
2026-05-03 20:47:03, MOVE, v:1, k:ed@lista_d4, mode:EDIT
2026-05-03 20:47:03, MOVE, v:1, k:ed@lista_d4, mode:EDIT
2026-05-03 20:47:07, MOVE, v:1, k:ed@lista_d4, mode:EDIT
2026-05-03 20:50:20, EXEC, v:1, k:ed@lista_d4, mode:FULL, rate:33, size:146
2026-05-03 20:50:47, EXEC, v:1, k:ed@lista_d4, mode:FULL, rate:66, size:147
2026-05-03 20:52:03, MOVE, v:1, k:ed@lista_d4, mode:EDIT
2026-05-03 20:52:03, MOVE, v:1, k:ed@lista_d4, mode:EDIT
2026-05-03 20:50:47, MOVE, v:1, k:ed@lista_d4, mode:EDIT
2026-05-03 20:52:30, EXEC, v:1, k:ed@lista_d4, mode:FULL, rate:100, size:154
2026-05-03 20:52:39, MOVE, v:1, k:ed@lista_d4, mode:BACK
2026-05-03 20:52:43, SELF, v:1, k:ed@lista_d4, self:1, rate:100
