2026-06-11 07:57:56, SELF, v:1, k:ed@analise, self:1, rate:100
2026-06-11 07:58:04, SELF, v:1, k:ed@recursao, self:1, rate:100
2026-06-11 07:58:11, SELF, v:1, k:ed@fractais_png, self:1, rate:100, concept:1, refactor:1
2026-06-11 07:58:34, SELF, v:1, k:ed@editorint, self:1, rate:100, concept:1, refactor:1
2026-06-11 08:00:48, MOVE, v:1, k:ed@serial, mode:DOWN
2026-06-11 08:00:49, MOVE, v:1, k:ed@serial, mode:PICK
2026-06-11 08:00:48, MOVE, v:1, k:ed@serial, mode:EDIT
2026-06-11 08:00:48, MOVE, v:1, k:ed@serial, mode:EDIT
2026-06-11 08:00:48, MOVE, v:1, k:ed@serial, mode:EDIT
2026-06-11 08:00:48, MOVE, v:1, k:ed@serial, mode:EDIT
2026-06-11 08:04:53, EXEC, v:1, k:ed@serial, mode:FULL, rate:0, size:65
2026-06-11 08:06:53, EXEC, v:1, k:ed@serial, mode:FULL, rate:100, size:83
2026-06-11 08:06:52, MOVE, v:1, k:ed@serial, mode:EDIT
2026-06-11 08:06:52, MOVE, v:1, k:ed@serial, mode:EDIT
2026-06-11 08:06:53, MOVE, v:1, k:ed@serial, mode:EDIT
2026-06-11 08:07:06, EXEC, v:1, k:ed@serial, mode:FULL, rate:0, size:65
2026-06-11 08:11:05, EXEC, v:1, k:ed@serial, mode:FULL, rate:14, size:84
2026-06-11 08:12:01, EXEC, v:1, k:ed@serial, mode:FULL, rate:14
2026-06-11 08:11:04, MOVE, v:1, k:ed@serial, mode:EDIT
2026-06-11 08:11:04, MOVE, v:1, k:ed@serial, mode:EDIT
2026-06-11 08:12:01, MOVE, v:1, k:ed@serial, mode:EDIT
2026-06-11 08:12:23, MOVE, v:1, k:ed@serial, mode:BACK
2026-06-11 08:16:32, MOVE, v:1, k:ed@serial, mode:PICK
2026-06-11 08:16:33, EXEC, v:1, k:ed@serial, mode:FULL, rate:14
2026-06-11 08:13:15, MOVE, v:1, k:ed@serial, mode:EDIT
2026-06-11 08:13:15, MOVE, v:1, k:ed@serial, mode:EDIT
2026-06-11 08:16:33, MOVE, v:1, k:ed@serial, mode:EDIT
2026-06-11 08:17:22, EXEC, v:1, k:ed@serial, mode:FULL, rate:100, size:84
2026-06-11 08:18:14, MOVE, v:1, k:ed@serial, mode:EDIT
2026-06-11 08:18:14, MOVE, v:1, k:ed@serial, mode:EDIT
2026-06-11 08:17:22, MOVE, v:1, k:ed@serial, mode:EDIT
2026-06-11 08:24:24, MOVE, v:1, k:ed@serial, mode:BACK
2026-06-11 08:24:31, SELF, v:1, k:ed@serial, self:1, rate:100
2026-06-11 08:24:44, MOVE, v:1, k:ed@inverter, mode:DOWN
2026-06-11 08:24:47, MOVE, v:1, k:ed@inverter, mode:PICK
2026-06-11 08:24:55, EXEC, v:1, k:ed@inverter, mode:FULL, rate:16, size:72
2026-06-11 08:27:03, EXEC, v:1, k:ed@inverter, mode:FULL, rate:16, size:74
2026-06-11 08:24:44, MOVE, v:1, k:ed@inverter, mode:EDIT
2026-06-11 08:24:44, MOVE, v:1, k:ed@inverter, mode:EDIT
2026-06-11 08:24:44, MOVE, v:1, k:ed@inverter, mode:EDIT
2026-06-11 08:26:57, MOVE, v:1, k:ed@inverter, mode:EDIT
2026-06-11 08:27:03, MOVE, v:1, k:ed@inverter, mode:EDIT
2026-06-11 08:26:57, MOVE, v:1, k:ed@inverter, mode:EDIT
2026-06-11 08:27:39, EXEC, v:1, k:ed@inverter, mode:FULL, rate:33, size:76
2026-06-11 08:28:50, EXEC, v:1, k:ed@inverter, mode:FULL, rate:33, size:78
2026-06-11 08:29:26, MOVE, v:1, k:ed@inverter, mode:BACK
2026-06-11 08:29:49, MOVE, v:1, k:ed@formatada, mode:DOWN
2026-06-11 08:29:49, MOVE, v:1, k:ed@formatada, mode:PICK
2026-06-11 08:29:51, EXEC, v:1, k:ed@formatada, mode:FULL, rate:0, size:72
2026-06-11 08:29:57, MOVE, v:1, k:ed@formatada, mode:BACK
2026-06-11 08:30:03, MOVE, v:1, k:ed@formatada, mode:PICK
2026-06-11 08:30:10, MOVE, v:1, k:ed@formatada, mode:BACK
2026-06-11 08:33:44, MOVE, v:1, k:ed@inverter, mode:PICK
2026-06-11 08:33:50, EXEC, v:1, k:ed@inverter, mode:FULL, rate:66, size:79
2026-06-11 08:34:21, EXEC, v:1, k:ed@inverter, mode:FULL, rate:100, size:80
