2026-04-15 05:45:35, MOVE, v:1, k:ed@vetbuild, mode:DOWN
2026-04-15 05:45:37, MOVE, v:1, k:ed@vetbuild, mode:PICK
2026-04-15 05:47:46, EXEC, v:1, k:ed@vetbuild, mode:FULL, size:132, fail:COMP
2026-04-15 05:48:32, EXEC, v:1, k:ed@vetbuild, mode:FULL, rate:0, size:133
2026-04-15 05:45:35, MOVE, v:1, k:ed@vetbuild, mode:EDIT
2026-04-15 05:45:35, MOVE, v:1, k:ed@vetbuild, mode:EDIT
2026-04-15 05:45:35, MOVE, v:1, k:ed@vetbuild, mode:EDIT
2026-04-15 05:49:18, MOVE, v:1, k:ed@vetbuild, mode:EDIT
2026-04-15 05:48:32, MOVE, v:1, k:ed@vetbuild, mode:EDIT
2026-04-15 05:45:35, MOVE, v:1, k:ed@vetbuild, mode:EDIT
2026-04-15 05:45:35, MOVE, v:1, k:ed@vetbuild, mode:EDIT
2026-04-15 05:45:35, MOVE, v:1, k:ed@vetbuild, mode:EDIT
2026-04-15 05:49:18, MOVE, v:1, k:ed@vetbuild, mode:EDIT
2026-04-15 05:48:32, MOVE, v:1, k:ed@vetbuild, mode:EDIT
2026-04-15 05:51:29, EXEC, v:1, k:ed@vetbuild, mode:FULL, rate:0, size:132
2026-04-15 05:54:19, MOVE, v:1, k:ed@vetbuild, mode:EDIT
2026-04-15 05:51:29, MOVE, v:1, k:ed@vetbuild, mode:EDIT
2026-04-15 05:55:14, MOVE, v:1, k:ed@vetbuild, mode:PICK
2026-04-15 05:55:15, EXEC, v:1, k:ed@vetbuild, mode:FULL, size:136, fail:COMP
2026-04-15 05:55:24, EXEC, v:1, k:ed@vetbuild, mode:FULL, rate:0, size:136
2026-04-15 05:57:48, EXEC, v:1, k:ed@vetbuild, mode:FULL, rate:0, size:140
2026-04-15 05:57:58, EXEC, v:1, k:ed@vetbuild, mode:FULL, rate:0, size:140
2026-04-15 05:59:55, MOVE, v:1, k:ed@vetbuild, mode:EDIT
2026-04-15 05:57:58, MOVE, v:1, k:ed@vetbuild, mode:EDIT
2026-04-15 06:00:07, EXEC, v:1, k:ed@vetbuild, mode:FULL, rate:0, size:140
2026-04-15 06:00:05, MOVE, v:1, k:ed@vetbuild, mode:EDIT
2026-04-15 06:00:07, MOVE, v:1, k:ed@vetbuild, mode:EDIT
2026-04-15 06:00:24, EXEC, v:1, k:ed@vetbuild, mode:FULL, rate:18, size:140
2026-04-15 06:04:54, MOVE, v:1, k:ed@vetbuild, mode:EDIT
2026-04-15 06:00:24, MOVE, v:1, k:ed@vetbuild, mode:EDIT
2026-04-15 06:04:59, MOVE, v:1, k:ed@vetbuild, mode:EDIT
2026-04-15 06:00:24, MOVE, v:1, k:ed@vetbuild, mode:EDIT
2026-04-15 06:07:04, EXEC, v:1, k:ed@vetbuild, mode:FULL, rate:18, size:145
2026-04-15 06:07:18, EXEC, v:1, k:ed@vetbuild, mode:FULL, rate:18, size:146
2026-04-15 06:07:35, EXEC, v:1, k:ed@vetbuild, mode:FULL, rate:9, size:146
2026-04-15 06:07:49, EXEC, v:1, k:ed@vetbuild, mode:FULL, rate:9, size:145
2026-04-15 06:09:37, EXEC, v:1, k:ed@vetbuild, mode:FULL, rate:9, size:148
2026-04-15 06:09:04, MOVE, v:1, k:ed@vetbuild, mode:EDIT
2026-04-15 06:09:37, MOVE, v:1, k:ed@vetbuild, mode:EDIT
2026-04-15 06:10:04, MOVE, v:1, k:ed@vetbuild, mode:EDIT
2026-04-15 06:09:37, MOVE, v:1, k:ed@vetbuild, mode:EDIT
2026-04-15 06:14:58, MOVE, v:1, k:ed@vetbuild, mode:EDIT
2026-04-15 06:15:07, MOVE, v:1, k:ed@vetbuild, mode:EDIT
2026-04-15 06:18:36, EXEC, v:1, k:ed@vetbuild, mode:FULL, rate:9, size:161
2026-04-15 06:19:13, EXEC, v:1, k:ed@vetbuild, mode:FULL, rate:9, size:161
2026-04-15 06:19:10, MOVE, v:1, k:ed@vetbuild, mode:EDIT
2026-04-15 06:19:13, MOVE, v:1, k:ed@vetbuild, mode:EDIT
2026-04-15 06:19:10, MOVE, v:1, k:ed@vetbuild, mode:EDIT
2026-04-15 06:19:13, MOVE, v:1, k:ed@vetbuild, mode:EDIT
2026-04-15 06:20:31, EXEC, v:1, k:ed@vetbuild, mode:FULL, rate:9, size:162
2026-04-15 06:20:59, EXEC, v:1, k:ed@vetbuild, mode:FULL, rate:9, size:162
2026-04-15 06:23:49, EXEC, v:1, k:ed@vetbuild, mode:FULL, rate:9, size:162
2026-04-15 06:24:33, EXEC, v:1, k:ed@vetbuild, mode:FULL, rate:9, size:161
2026-04-15 06:24:32, MOVE, v:1, k:ed@vetbuild, mode:EDIT
2026-04-15 06:24:33, MOVE, v:1, k:ed@vetbuild, mode:EDIT
2026-04-15 06:24:32, MOVE, v:1, k:ed@vetbuild, mode:EDIT
2026-04-15 06:24:33, MOVE, v:1, k:ed@vetbuild, mode:EDIT
2026-04-15 06:25:36, EXEC, v:1, k:ed@vetbuild, mode:FULL, rate:9, size:162
2026-04-15 06:26:06, EXEC, v:1, k:ed@vetbuild, mode:FULL, rate:9, size:162
2026-04-15 06:27:34, MOVE, v:1, k:ed@vetbuild, mode:PICK
2026-04-15 06:27:35, EXEC, v:1, k:ed@vetbuild, mode:FULL, rate:9
2026-04-15 06:29:58, MOVE, v:1, k:ed@vetbuild, mode:EDIT
2026-04-15 06:27:35, MOVE, v:1, k:ed@vetbuild, mode:EDIT
2026-04-15 06:30:05, EXEC, v:1, k:ed@vetbuild, mode:FULL, rate:9, size:161
2026-04-15 06:30:23, EXEC, v:1, k:ed@vetbuild, mode:FULL, rate:9, size:161
2026-04-15 06:30:35, EXEC, v:1, k:ed@vetbuild, mode:FULL, rate:18, size:161
2026-04-15 06:30:35, MOVE, v:1, k:ed@vetbuild, mode:EDIT
2026-04-15 06:32:14, MOVE, v:1, k:ed@vetbuild, mode:EDIT
2026-04-15 06:33:26, EXEC, v:1, k:ed@vetbuild, mode:FULL, rate:18, size:166
2026-04-15 06:34:54, MOVE, v:1, k:ed@vetbuild, mode:EDIT
2026-04-15 06:33:26, MOVE, v:1, k:ed@vetbuild, mode:EDIT
2026-04-15 06:35:10, EXEC, v:1, k:ed@vetbuild, mode:FULL, rate:18, size:171
2026-04-15 06:35:42, EXEC, v:1, k:ed@vetbuild, mode:FULL, rate:18, size:172
2026-04-15 06:36:46, MOVE, v:1, k:ed@vetbuild, mode:EDIT
2026-04-15 06:35:42, MOVE, v:1, k:ed@vetbuild, mode:EDIT
2026-04-15 06:39:09, EXEC, v:1, k:ed@vetbuild, mode:FULL, rate:18, size:177
2026-04-15 06:39:44, MOVE, v:1, k:ed@vetbuild, mode:EDIT
2026-04-15 06:39:09, MOVE, v:1, k:ed@vetbuild, mode:EDIT
2026-04-15 06:40:22, EXEC, v:1, k:ed@vetbuild, mode:LOCK, size:178, fail:COMP
2026-04-15 06:40:26, MOVE, v:1, k:ed@vetbuild, mode:BACK
2026-04-15 06:40:30, MOVE, v:1, k:ed@vetbuild, mode:PICK
2026-04-15 06:40:30, EXEC, v:1, k:ed@vetbuild, mode:FULL, fail:COMP
2026-04-15 06:41:51, EXEC, v:1, k:ed@vetbuild, mode:FULL, rate:18, size:181
2026-04-15 06:42:20, EXEC, v:1, k:ed@vetbuild, mode:FULL, rate:27, size:179
2026-04-15 06:42:16, MOVE, v:1, k:ed@vetbuild, mode:EDIT
2026-04-15 06:42:20, MOVE, v:1, k:ed@vetbuild, mode:EDIT
2026-04-15 06:42:16, MOVE, v:1, k:ed@vetbuild, mode:EDIT
2026-04-15 06:42:20, MOVE, v:1, k:ed@vetbuild, mode:EDIT
2026-04-15 06:45:58, EXEC, v:1, k:ed@vetbuild, mode:FULL, rate:36, size:183
2026-04-15 06:46:30, EXEC, v:1, k:ed@vetbuild, mode:FULL, rate:45, size:183
2026-04-15 06:47:08, EXEC, v:1, k:ed@vetbuild, mode:FULL, size:187, fail:COMP
2026-04-15 06:47:38, EXEC, v:1, k:ed@vetbuild, mode:FULL, rate:45, size:188
2026-04-15 06:48:04, EXEC, v:1, k:ed@vetbuild, mode:FULL, rate:54, size:191
2026-04-15 06:49:49, MOVE, v:1, k:ed@vetbuild, mode:EDIT
2026-04-15 06:48:04, MOVE, v:1, k:ed@vetbuild, mode:EDIT
2026-04-15 06:50:12, MOVE, v:1, k:ed@vetbuild, mode:EDIT
2026-04-15 06:48:04, MOVE, v:1, k:ed@vetbuild, mode:EDIT
2026-04-15 06:52:01, EXEC, v:1, k:ed@vetbuild, mode:FULL, rate:54, size:200
2026-04-15 06:52:46, EXEC, v:1, k:ed@vetbuild, mode:FULL, rate:54, size:201
2026-04-15 06:54:00, EXEC, v:1, k:ed@vetbuild, mode:FULL, rate:54, size:205
2026-04-15 06:54:24, EXEC, v:1, k:ed@vetbuild, mode:FULL, rate:54, size:205
2026-04-15 06:54:52, EXEC, v:1, k:ed@vetbuild, mode:FULL, rate:72, size:205
2026-04-15 06:54:58, MOVE, v:1, k:ed@vetbuild, mode:EDIT
2026-04-15 06:54:52, MOVE, v:1, k:ed@vetbuild, mode:EDIT
2026-04-15 06:55:13, MOVE, v:1, k:ed@vetbuild, mode:EDIT
2026-04-15 06:54:52, MOVE, v:1, k:ed@vetbuild, mode:EDIT
2026-04-15 06:58:11, EXEC, v:1, k:ed@vetbuild, mode:FULL, rate:72, size:218
2026-04-15 06:58:30, EXEC, v:1, k:ed@vetbuild, mode:FULL, rate:72, size:218
2026-04-15 06:59:31, EXEC, v:1, k:ed@vetbuild, mode:FULL, rate:81, size:223
2026-04-15 06:59:52, MOVE, v:1, k:ed@vetbuild, mode:EDIT
2026-04-15 06:59:30, MOVE, v:1, k:ed@vetbuild, mode:EDIT
2026-04-15 07:00:27, MOVE, v:1, k:ed@vetbuild, mode:EDIT
2026-04-15 06:59:30, MOVE, v:1, k:ed@vetbuild, mode:EDIT
2026-04-15 07:04:05, EXEC, v:1, k:ed@vetbuild, mode:FULL, rate:81, size:231
2026-04-15 07:04:16, MOVE, v:1, k:ed@vetbuild, mode:EDIT
2026-04-15 07:04:05, MOVE, v:1, k:ed@vetbuild, mode:EDIT
2026-04-15 07:05:29, MOVE, v:1, k:ed@vetbuild, mode:EDIT
2026-04-15 07:04:05, MOVE, v:1, k:ed@vetbuild, mode:EDIT
2026-04-15 07:05:56, EXEC, v:1, k:ed@vetbuild, mode:FULL, rate:90, size:238
2026-04-15 07:10:00, MOVE, v:1, k:ed@vetbuild, mode:EDIT
2026-04-15 07:05:56, MOVE, v:1, k:ed@vetbuild, mode:EDIT
2026-04-15 07:10:01, MOVE, v:1, k:ed@vetbuild, mode:EDIT
2026-04-15 07:05:56, MOVE, v:1, k:ed@vetbuild, mode:EDIT
2026-04-15 07:11:38, EXEC, v:1, k:ed@vetbuild, mode:FULL, rate:100, size:251
2026-04-15 07:10:01, MOVE, v:1, k:ed@vetbuild, mode:EDIT
2026-04-15 07:11:38, MOVE, v:1, k:ed@vetbuild, mode:EDIT
2026-04-15 07:11:38, MOVE, v:1, k:ed@vetbuild, mode:EDIT
2026-04-15 07:20:50, EXEC, v:1, k:ed@vetbuild, mode:FREE
2026-04-15 07:21:32, MOVE, v:1, k:ed@vetbuild, mode:PICK
2026-04-15 07:21:33, EXEC, v:1, k:ed@vetbuild, mode:FULL, rate:90, size:246
2026-04-15 07:22:00, EXEC, v:1, k:ed@vetbuild, mode:FULL, rate:100, size:251
2026-04-15 07:22:15, EXEC, v:1, k:ed@vetbuild, mode:FULL, rate:100, size:248
2026-04-15 07:22:17, MOVE, v:1, k:ed@vetbuild, mode:BACK
