2026-05-04 16:14:31, MOVE, v:1, k:ed@editorint, mode:DOWN
2026-05-04 16:17:45, MOVE, v:1, k:ed@editorint, mode:PICK
2026-05-04 16:18:09, EXEC, v:1, k:ed@editorint, mode:LOCK, rate:0, size:259
2026-05-04 16:18:11, MOVE, v:1, k:ed@editorint, mode:BACK
2026-05-04 16:18:39, MOVE, v:1, k:ed@editorint, mode:PICK
2026-05-04 16:18:42, EXEC, v:1, k:ed@editorint, mode:LOCK, rate:0
2026-05-04 16:18:44, MOVE, v:1, k:ed@editorint, mode:BACK
2026-05-04 16:20:18, MOVE, v:1, k:ed@editorint, mode:EDIT
2026-05-04 16:20:18, MOVE, v:1, k:ed@editorint, mode:EDIT
2026-05-04 16:18:41, MOVE, v:1, k:ed@editorint, mode:EDIT
2026-05-04 16:24:47, MOVE, v:1, k:ed@editorint, mode:EDIT
2026-05-04 16:24:47, MOVE, v:1, k:ed@editorint, mode:EDIT
2026-05-04 16:25:23, MOVE, v:1, k:ed@editorint, mode:EDIT
2026-05-04 16:25:23, MOVE, v:1, k:ed@editorint, mode:EDIT
2026-05-04 16:32:26, MOVE, v:1, k:ed@editorint, mode:EDIT
2026-05-04 16:32:26, MOVE, v:1, k:ed@editorint, mode:EDIT
2026-05-04 16:36:33, MOVE, v:1, k:ed@editorint, mode:EDIT
2026-05-04 16:36:33, MOVE, v:1, k:ed@editorint, mode:EDIT
2026-05-04 19:22:25, MOVE, v:1, k:ed@editorint, mode:PICK
2026-05-04 19:22:26, EXEC, v:1, k:ed@editorint, mode:FULL, size:276, fail:COMP
2026-05-04 19:25:53, MOVE, v:1, k:ed@editorint, mode:PICK
2026-05-04 19:25:55, EXEC, v:1, k:ed@editorint, mode:LOCK, rate:0, size:289
2026-05-04 19:25:49, MOVE, v:1, k:ed@editorint, mode:EDIT
2026-05-04 19:25:49, MOVE, v:1, k:ed@editorint, mode:EDIT
2026-05-04 19:25:54, MOVE, v:1, k:ed@editorint, mode:EDIT
2026-05-04 20:38:54, MOVE, v:1, k:ed@editorint, mode:PICK
2026-05-04 20:38:56, EXEC, v:1, k:ed@editorint, mode:LOCK, rate:0, size:324
2026-05-04 20:38:58, EXEC, v:1, k:ed@editorint, mode:LOCK, rate:0
2026-05-04 20:39:00, MOVE, v:1, k:ed@editorint, mode:BACK
2026-05-04 21:30:36, MOVE, v:1, k:ed@editorint, mode:PICK
2026-05-04 21:30:38, EXEC, v:1, k:ed@editorint, mode:LOCK, rate:0, size:359
2026-05-04 21:30:40, MOVE, v:1, k:ed@editorint, mode:BACK
2026-05-04 21:30:51, MOVE, v:1, k:ed@lista_d4, mode:PICK
2026-05-04 21:30:51, EXEC, v:1, k:ed@lista_d4, mode:FULL, rate:100
2026-05-04 21:30:52, MOVE, v:1, k:ed@lista_d4, mode:BACK
2026-05-04 21:30:53, MOVE, v:1, k:ed@lista_d2, mode:PICK
2026-05-04 21:30:54, EXEC, v:1, k:ed@lista_d2, mode:FULL, rate:100
2026-05-04 21:30:54, MOVE, v:1, k:ed@lista_d2, mode:BACK
2026-05-04 21:32:05, SELF, v:1, k:ed@editorint, self:1, rate:100, concept:1, code:1, refactor:1
2026-05-04 21:32:27, SELF, v:1, k:ed@fractais_png, self:1, rate:100, concept:1, problem:1, refactor:1
2026-05-04 21:32:36, MOVE, v:1, k:ed@editorint, mode:PICK
