2026-05-17 10:34:30, MOVE, v:1, k:ed@editorint, mode:PICK
2026-05-17 10:34:31, EXEC, v:1, k:ed@editorint, mode:LOCK, rate:0
2026-05-17 10:34:32, MOVE, v:1, k:ed@editorint, mode:BACK
2026-05-17 10:36:51, SELF, v:1, k:ed@fractais_png, self:1, rate:100, concept:1, problem:1, refactor:1
2026-05-17 10:36:54, MOVE, v:1, k:ed@fractais_png, mode:PICK
2026-05-17 10:37:18, SELF, v:1, k:ed@+analise, self:1, rate:100
2026-05-17 10:37:40, SELF, v:1, k:ed@fractais_png, self:1, rate:100, concept:1, problem:1, refactor:1
2026-05-17 10:38:14, SELF, v:1, k:ed@editorint, self:1, rate:100, concept:1, code:1, refactor:1
2026-05-17 10:38:29, SELF, v:1, k:ed@editorint, self:1, rate:100, concept:1, problem:1, code:1, debug:1, refactor:1
2026-05-17 10:38:32, MOVE, v:1, k:ed@editorint, mode:PICK
2026-05-17 10:38:35, MOVE, v:1, k:ed@editorint, mode:BACK
2026-05-17 10:38:35, MOVE, v:1, k:ed@editorint, mode:PICK
2026-05-17 10:38:36, MOVE, v:1, k:ed@editorint, mode:BACK
2026-05-17 10:38:45, SELF, v:1, k:ed@editorint, self:1, rate:100, concept:1, refactor:1
2026-05-17 10:39:29, MOVE, v:1, k:eval1@baruel, mode:PICK
2026-05-17 10:39:29, EXEC, v:1, k:eval1@baruel, mode:FULL, rate:0
2026-05-17 10:39:32, MOVE, v:1, k:eval1@baruel, mode:BACK
2026-05-17 10:39:33, MOVE, v:1, k:eval1@apagando, mode:PICK
2026-05-17 10:39:33, EXEC, v:1, k:eval1@apagando, mode:FULL, rate:100
2026-05-17 10:39:34, MOVE, v:1, k:eval1@apagando, mode:BACK
2026-05-17 10:39:35, MOVE, v:1, k:eval1@casais, mode:PICK
2026-05-17 10:39:35, EXEC, v:1, k:eval1@casais, mode:FULL, rate:100
2026-05-17 10:39:36, MOVE, v:1, k:eval1@casais, mode:BACK
2026-05-17 10:39:36, MOVE, v:1, k:eval1@triangulo, mode:PICK
2026-05-17 10:39:37, EXEC, v:1, k:eval1@triangulo, mode:FULL, rate:100
2026-05-17 10:39:37, MOVE, v:1, k:eval1@triangulo, mode:BACK
2026-05-17 10:39:38, MOVE, v:1, k:eval1@queimada, mode:PICK
2026-05-17 10:39:38, EXEC, v:1, k:eval1@queimada, mode:FULL, rate:100
2026-05-17 10:39:39, MOVE, v:1, k:eval1@queimada, mode:BACK
2026-05-17 10:39:29, MOVE, v:1, k:eval1@baruel, mode:EDIT
2026-05-17 10:39:33, MOVE, v:1, k:eval1@apagando, mode:EDIT
2026-05-17 10:39:35, MOVE, v:1, k:eval1@casais, mode:EDIT
2026-05-17 10:39:37, MOVE, v:1, k:eval1@triangulo, mode:EDIT
2026-05-17 10:39:38, MOVE, v:1, k:eval1@queimada, mode:EDIT
2026-05-17 10:43:27, SELF, v:1, k:ed@fractais_png, self:1, rate:100, concept:1, refactor:1
2026-05-17 10:43:48, SELF, v:1, k:ed@+dfs, self:1, rate:100
2026-05-17 10:44:10, SELF, v:1, k:ed@+recursao, self:1, rate:100
