2026-05-24 14:16:57, MOVE, v:1, k:ed@eh_primo, mode:PICK
2026-05-24 14:17:00, EXEC, v:1, k:ed@eh_primo, mode:FULL, rate:100
2026-05-24 14:17:49, MOVE, v:1, k:ed@eh_primo, mode:DOWN
2026-05-24 14:17:52, MOVE, v:1, k:ed@eh_primo, mode:DOWN
2026-05-24 14:17:55, MOVE, v:1, k:ed@eh_primo, mode:DOWN
2026-05-24 14:17:56, MOVE, v:1, k:ed@eh_primo, mode:DOWN
2026-05-24 14:17:57, MOVE, v:1, k:ed@eh_primo, mode:DOWN
2026-05-24 14:17:57, MOVE, v:1, k:ed@eh_primo, mode:DOWN
2026-05-24 14:17:57, MOVE, v:1, k:ed@eh_primo, mode:DOWN
2026-05-24 14:17:59, MOVE, v:1, k:ed@eh_primo, mode:DOWN
2026-05-24 14:18:02, MOVE, v:1, k:ed@eh_primo, mode:DOWN
2026-05-24 14:18:02, MOVE, v:1, k:ed@eh_primo, mode:DOWN
2026-05-24 14:18:02, MOVE, v:1, k:ed@eh_primo, mode:DOWN
2026-05-24 14:18:02, MOVE, v:1, k:ed@eh_primo, mode:DOWN
2026-05-24 14:18:03, MOVE, v:1, k:ed@eh_primo, mode:DOWN
2026-05-24 14:18:03, MOVE, v:1, k:ed@eh_primo, mode:DOWN
2026-05-24 14:18:03, MOVE, v:1, k:ed@eh_primo, mode:DOWN
2026-05-24 14:18:03, MOVE, v:1, k:ed@eh_primo, mode:DOWN
2026-05-24 14:18:03, MOVE, v:1, k:ed@eh_primo, mode:DOWN
2026-05-24 14:18:04, MOVE, v:1, k:ed@eh_primo, mode:DOWN
2026-05-24 14:18:04, MOVE, v:1, k:ed@eh_primo, mode:DOWN
2026-05-24 14:18:24, MOVE, v:1, k:ed@eh_primo, mode:DOWN
2026-05-24 14:18:28, MOVE, v:1, k:ed@eh_primo, mode:PICK
2026-05-24 14:18:29, EXEC, v:1, k:ed@eh_primo, mode:FULL, rate:0, size:2
2026-05-24 14:17:49, MOVE, v:1, k:ed@eh_primo, mode:EDIT
2026-05-24 14:17:49, MOVE, v:1, k:ed@eh_primo, mode:EDIT
2026-05-24 14:18:04, MOVE, v:1, k:ed@eh_primo, mode:EDIT
2026-05-24 14:21:52, MOVE, v:1, k:ed@eh_primo, mode:EDIT
2026-05-24 14:18:29, MOVE, v:1, k:ed@eh_primo, mode:EDIT
2026-05-24 14:18:29, MOVE, v:1, k:ed@eh_primo, mode:EDIT
2026-05-24 14:18:29, MOVE, v:1, k:ed@eh_primo, mode:EDIT
2026-05-24 14:21:52, MOVE, v:1, k:ed@eh_primo, mode:EDIT
2026-05-24 14:27:23, MOVE, v:1, k:ed@eh_primo, mode:EDIT
2026-05-24 14:27:23, MOVE, v:1, k:ed@eh_primo, mode:EDIT
2026-05-24 14:28:45, EXEC, v:1, k:ed@eh_primo, mode:FULL, size:7, fail:COMP
2026-05-24 14:29:55, EXEC, v:1, k:ed@eh_primo, mode:FULL, size:7, fail:COMP
2026-05-24 14:30:13, EXEC, v:1, k:ed@eh_primo, mode:FULL, size:7, fail:COMP
2026-05-24 14:31:13, EXEC, v:1, k:ed@eh_primo, mode:FULL, rate:0, size:7
2026-05-24 14:32:32, EXEC, v:1, k:ed@eh_primo, mode:FULL, rate:0, size:7
2026-05-24 14:32:30, MOVE, v:1, k:ed@eh_primo, mode:EDIT
2026-05-24 14:32:30, MOVE, v:1, k:ed@eh_primo, mode:EDIT
2026-05-24 14:32:31, MOVE, v:1, k:ed@eh_primo, mode:EDIT
2026-05-24 14:32:31, MOVE, v:1, k:ed@eh_primo, mode:EDIT
2026-05-24 14:32:32, MOVE, v:1, k:ed@eh_primo, mode:EDIT
2026-05-24 14:33:20, EXEC, v:1, k:ed@eh_primo, mode:FULL, rate:100, size:9
