2026-02-12 08:59:02, MOVE, v:1, k:ed@princesa, mode:PICK
2026-02-12 08:59:03, EXEC, v:1, k:ed@princesa, mode:FULL, rate:0, size:44
2026-02-12 08:59:14, EXEC, v:1, k:ed@princesa, mode:FULL, rate:100, size:44
2026-02-12 09:00:35, MOVE, v:1, k:ed@princesa, mode:PICK
2026-02-12 09:00:35, EXEC, v:1, k:ed@princesa, mode:FREE, size:45
2026-02-12 09:34:45, MOVE, v:1, k:ed@princesa, mode:PICK
2026-02-12 09:34:47, EXEC, v:1, k:ed@princesa, mode:FREE, size:69
2026-02-12 09:35:24, MOVE, v:1, k:ed@princesa, mode:PICK
2026-02-12 09:35:24, EXEC, v:1, k:ed@princesa, mode:FREE, size:69
2026-02-12 09:35:42, MOVE, v:1, k:ed@princesa, mode:PICK
2026-02-12 09:35:43, EXEC, v:1, k:ed@princesa, mode:FREE
2026-02-12 09:44:51, MOVE, v:1, k:ed@apagando, mode:DOWN
2026-02-12 10:25:42, MOVE, v:1, k:ed@apagando, mode:PICK
2026-02-12 10:25:44, EXEC, v:1, k:ed@apagando, mode:FREE, size:13
2026-02-12 10:27:36, EXEC, v:1, k:ed@apagando, mode:FULL, rate:100, size:16
2026-02-12 10:33:24, EXEC, v:1, k:ed@apagando, mode:FULL, rate:0, size:26
2026-02-12 10:35:48, EXEC, v:1, k:ed@apagando, mode:FULL, rate:100, size:26
2026-02-12 12:26:24, MOVE, v:1, k:ed@apagando, mode:PICK
2026-02-12 12:26:25, EXEC, v:1, k:ed@apagando, mode:FULL, rate:100
2026-02-12 12:26:26, MOVE, v:1, k:ed@apagando, mode:BACK
2026-02-12 12:26:27, MOVE, v:1, k:ed@princesa, mode:PICK
2026-02-12 12:26:27, EXEC, v:1, k:ed@princesa, mode:FULL, rate:100, size:44
2026-02-12 12:26:28, MOVE, v:1, k:ed@princesa, mode:BACK
2026-02-12 12:26:32, MOVE, v:1, k:ed@manipulacao, mode:DOWN
2026-02-12 12:31:44, MOVE, v:1, k:ed@manipulacao, mode:PICK
2026-02-12 12:31:45, EXEC, v:1, k:ed@manipulacao, mode:FREE, size:2
2026-02-12 12:32:15, EXEC, v:1, k:ed@manipulacao, mode:FULL, rate:0
2026-02-12 12:35:33, EXEC, v:1, k:ed@manipulacao, mode:FREE, size:12
2026-02-12 13:02:59, EXEC, v:1, k:ed@manipulacao, mode:FULL, rate:14, size:11
2026-02-12 13:04:10, EXEC, v:1, k:ed@manipulacao, mode:FREE, size:15
2026-02-12 13:19:25, EXEC, v:1, k:ed@manipulacao, mode:FULL, rate:42, size:27
2026-02-12 13:21:33, EXEC, v:1, k:ed@manipulacao, mode:FULL, rate:57, size:37
2026-02-12 13:26:19, EXEC, v:1, k:ed@manipulacao, mode:FULL, rate:57, size:42
2026-02-12 13:26:37, EXEC, v:1, k:ed@manipulacao, mode:FULL, rate:57, size:43
2026-02-12 13:27:19, EXEC, v:1, k:ed@manipulacao, mode:FULL, rate:57, size:43
2026-02-12 13:28:44, MOVE, v:1, k:ed@manipulacao, mode:PICK
2026-02-12 13:28:45, EXEC, v:1, k:ed@manipulacao, mode:FULL, rate:57
2026-02-12 13:40:53, EXEC, v:1, k:ed@manipulacao, mode:FULL, rate:57
2026-02-12 13:41:00, EXEC, v:1, k:ed@manipulacao, mode:FREE
2026-02-12 14:20:06, EXEC, v:1, k:ed@manipulacao, mode:FULL, rate:57, size:44
2026-02-12 14:20:34, EXEC, v:1, k:ed@manipulacao, mode:FULL, rate:71, size:44
2026-02-12 14:32:29, EXEC, v:1, k:ed@manipulacao, mode:FREE, size:58
2026-02-12 14:35:05, EXEC, v:1, k:ed@manipulacao, mode:FULL, rate:85, size:59
2026-02-12 14:37:53, EXEC, v:1, k:ed@manipulacao, mode:FULL, rate:71, size:66
2026-02-12 14:40:35, EXEC, v:1, k:ed@manipulacao, mode:FULL, rate:85, size:66
2026-02-12 19:31:17, MOVE, v:1, k:ed@manipulacao, mode:PICK
2026-02-12 19:31:18, EXEC, v:1, k:ed@manipulacao, mode:FREE, size:79
2026-02-12 19:33:31, EXEC, v:1, k:ed@manipulacao, mode:FULL, rate:100, size:79
2026-02-12 19:52:47, EXEC, v:1, k:ed@manipulacao, mode:FULL, rate:85, size:90
2026-02-12 19:54:15, EXEC, v:1, k:ed@manipulacao, mode:FULL, rate:100, size:93
2026-02-12 19:55:08, MOVE, v:1, k:ed@especiais, mode:DOWN
